

Microchip MPLAB XC8 Assembler V2.31 build 20201012212115 
                                                                                               Sun Aug 08 20:52:44 2021

Microchip MPLAB XC8 C Compiler v2.31 (Free license) build 20201012212115 Og1 
     1                           	processor	16F887
     2                           	pagewidth 120
     3                           	opt	flic
     4                           	psect	idataBANK0,global,class=CODE,delta=2,noexec
     5                           	psect	cinit,global,class=CODE,merge=1,delta=2
     6                           	psect	dataBANK0,global,class=BANK0,space=1,delta=1,noexec
     7                           	psect	inittext,global,class=CODE,delta=2
     8                           	psect	cstackCOMMON,global,class=COMMON,space=1,delta=1,noexec
     9                           	psect	cstackBANK0,global,class=BANK0,space=1,delta=1,noexec
    10                           	psect	maintext,global,class=CODE,split=1,delta=2
    11                           	psect	text1,local,class=CODE,merge=1,delta=2
    12                           	psect	text2,local,class=CODE,merge=1,delta=2
    13                           	psect	text3,local,class=CODE,merge=1,delta=2
    14                           	psect	text4,local,class=CODE,merge=1,delta=2,group=1
    15                           	psect	text5,local,class=CODE,merge=1,delta=2
    16                           	psect	text6,local,class=CODE,merge=1,delta=2
    17                           	psect	text7,local,class=CODE,merge=1,delta=2
    18                           	psect	text8,local,class=CODE,merge=1,delta=2
    19                           	psect	text9,local,class=CODE,merge=1,delta=2
    20                           	psect	config,global,abs,ovrld,class=CONFIG,space=4,delta=2,noexec
    21                           	dabs	1,0x7E,2
    22  0000                     
    23                           ; Version 2.20
    24                           ; Generated 12/02/2020 GMT
    25                           ; 
    26                           ; Copyright © 2020, Microchip Technology Inc. and its subsidiaries ("Microchip")
    27                           ; All rights reserved.
    28                           ; 
    29                           ; This software is developed by Microchip Technology Inc. and its subsidiaries ("Microch
      +                          ip").
    30                           ; 
    31                           ; Redistribution and use in source and binary forms, with or without modification, are
    32                           ; permitted provided that the following conditions are met:
    33                           ; 
    34                           ;     1. Redistributions of source code must retain the above copyright notice, this lis
      +                          t of
    35                           ;        conditions and the following disclaimer.
    36                           ; 
    37                           ;     2. Redistributions in binary form must reproduce the above copyright notice, this 
      +                          list
    38                           ;        of conditions and the following disclaimer in the documentation and/or other
    39                           ;        materials provided with the distribution.
    40                           ; 
    41                           ;     3. Microchip's name may not be used to endorse or promote products derived from th
      +                          is
    42                           ;        software without specific prior written permission.
    43                           ; 
    44                           ; THIS SOFTWARE IS PROVIDED BY MICROCHIP "AS IS" AND ANY EXPRESS OR IMPLIED WARRANTIES,
    45                           ; INCLUDING, BUT NOT LIMITED TO, THE IMPLIED WARRANTIES OF MERCHANTABILITY AND FITNESS F
      +                          OR
    46                           ; PURPOSE ARE DISCLAIMED.  IN NO EVENT SHALL MICROCHIP BE LIABLE FOR ANY DIRECT, INDIREC
      +                          T,
    47                           ; INCIDENTAL, SPECIAL, EXEMPLARY, OR CONSEQUENTIAL DAMAGES (INCLUDING BUT NOT LIMITED TO
    48                           ; PROCUREMENT OF SUBSTITUTE GOODS OR SERVICES; LOSS OF USE, DATA OR PROFITS; OR BUSINESS
    49                           ; INTERRUPTION) HOWSOEVER CAUSED AND ON ANY THEORY OF LIABILITY, WHETHER IN CONTRACT, ST
      +                          RICT
    50                           ; LIABILITY, OR TORT (INCLUDING NEGLIGENCE OR OTHERWISE) ARISING IN ANY WAY OUT OF THE U
      +                          SE OF
    51                           ; THIS SOFTWARE, EVEN IF ADVISED OF THE POSSIBILITY OF SUCH DAMAGE.
    52                           ; 
    53                           ; 
    54                           ; Code-generator required, PIC16F887 Definitions
    55                           ; 
    56                           ; SFR Addresses
    57  0000                     	;# 
    58  0001                     	;# 
    59  0002                     	;# 
    60  0003                     	;# 
    61  0004                     	;# 
    62  0005                     	;# 
    63  0006                     	;# 
    64  0007                     	;# 
    65  0008                     	;# 
    66  0009                     	;# 
    67  000A                     	;# 
    68  000B                     	;# 
    69  000C                     	;# 
    70  000D                     	;# 
    71  000E                     	;# 
    72  000E                     	;# 
    73  000F                     	;# 
    74  0010                     	;# 
    75  0011                     	;# 
    76  0012                     	;# 
    77  0013                     	;# 
    78  0014                     	;# 
    79  0015                     	;# 
    80  0015                     	;# 
    81  0016                     	;# 
    82  0017                     	;# 
    83  0018                     	;# 
    84  0019                     	;# 
    85  001A                     	;# 
    86  001B                     	;# 
    87  001B                     	;# 
    88  001C                     	;# 
    89  001D                     	;# 
    90  001E                     	;# 
    91  001F                     	;# 
    92  0081                     	;# 
    93  0085                     	;# 
    94  0086                     	;# 
    95  0087                     	;# 
    96  0088                     	;# 
    97  0089                     	;# 
    98  008C                     	;# 
    99  008D                     	;# 
   100  008E                     	;# 
   101  008F                     	;# 
   102  0090                     	;# 
   103  0091                     	;# 
   104  0092                     	;# 
   105  0093                     	;# 
   106  0093                     	;# 
   107  0093                     	;# 
   108  0094                     	;# 
   109  0095                     	;# 
   110  0096                     	;# 
   111  0097                     	;# 
   112  0098                     	;# 
   113  0099                     	;# 
   114  009A                     	;# 
   115  009B                     	;# 
   116  009C                     	;# 
   117  009D                     	;# 
   118  009E                     	;# 
   119  009F                     	;# 
   120  0105                     	;# 
   121  0107                     	;# 
   122  0108                     	;# 
   123  0109                     	;# 
   124  010C                     	;# 
   125  010C                     	;# 
   126  010D                     	;# 
   127  010E                     	;# 
   128  010F                     	;# 
   129  0185                     	;# 
   130  0187                     	;# 
   131  0188                     	;# 
   132  0189                     	;# 
   133  018C                     	;# 
   134  018D                     	;# 
   135  0000                     	;# 
   136  0001                     	;# 
   137  0002                     	;# 
   138  0003                     	;# 
   139  0004                     	;# 
   140  0005                     	;# 
   141  0006                     	;# 
   142  0007                     	;# 
   143  0008                     	;# 
   144  0009                     	;# 
   145  000A                     	;# 
   146  000B                     	;# 
   147  000C                     	;# 
   148  000D                     	;# 
   149  000E                     	;# 
   150  000E                     	;# 
   151  000F                     	;# 
   152  0010                     	;# 
   153  0011                     	;# 
   154  0012                     	;# 
   155  0013                     	;# 
   156  0014                     	;# 
   157  0015                     	;# 
   158  0015                     	;# 
   159  0016                     	;# 
   160  0017                     	;# 
   161  0018                     	;# 
   162  0019                     	;# 
   163  001A                     	;# 
   164  001B                     	;# 
   165  001B                     	;# 
   166  001C                     	;# 
   167  001D                     	;# 
   168  001E                     	;# 
   169  001F                     	;# 
   170  0081                     	;# 
   171  0085                     	;# 
   172  0086                     	;# 
   173  0087                     	;# 
   174  0088                     	;# 
   175  0089                     	;# 
   176  008C                     	;# 
   177  008D                     	;# 
   178  008E                     	;# 
   179  008F                     	;# 
   180  0090                     	;# 
   181  0091                     	;# 
   182  0092                     	;# 
   183  0093                     	;# 
   184  0093                     	;# 
   185  0093                     	;# 
   186  0094                     	;# 
   187  0095                     	;# 
   188  0096                     	;# 
   189  0097                     	;# 
   190  0098                     	;# 
   191  0099                     	;# 
   192  009A                     	;# 
   193  009B                     	;# 
   194  009C                     	;# 
   195  009D                     	;# 
   196  009E                     	;# 
   197  009F                     	;# 
   198  0105                     	;# 
   199  0107                     	;# 
   200  0108                     	;# 
   201  0109                     	;# 
   202  010C                     	;# 
   203  010C                     	;# 
   204  010D                     	;# 
   205  010E                     	;# 
   206  010F                     	;# 
   207  0185                     	;# 
   208  0187                     	;# 
   209  0188                     	;# 
   210  0189                     	;# 
   211  018C                     	;# 
   212  018D                     	;# 
   213  0000                     	;# 
   214  0001                     	;# 
   215  0002                     	;# 
   216  0003                     	;# 
   217  0004                     	;# 
   218  0005                     	;# 
   219  0006                     	;# 
   220  0007                     	;# 
   221  0008                     	;# 
   222  0009                     	;# 
   223  000A                     	;# 
   224  000B                     	;# 
   225  000C                     	;# 
   226  000D                     	;# 
   227  000E                     	;# 
   228  000E                     	;# 
   229  000F                     	;# 
   230  0010                     	;# 
   231  0011                     	;# 
   232  0012                     	;# 
   233  0013                     	;# 
   234  0014                     	;# 
   235  0015                     	;# 
   236  0015                     	;# 
   237  0016                     	;# 
   238  0017                     	;# 
   239  0018                     	;# 
   240  0019                     	;# 
   241  001A                     	;# 
   242  001B                     	;# 
   243  001B                     	;# 
   244  001C                     	;# 
   245  001D                     	;# 
   246  001E                     	;# 
   247  001F                     	;# 
   248  0081                     	;# 
   249  0085                     	;# 
   250  0086                     	;# 
   251  0087                     	;# 
   252  0088                     	;# 
   253  0089                     	;# 
   254  008C                     	;# 
   255  008D                     	;# 
   256  008E                     	;# 
   257  008F                     	;# 
   258  0090                     	;# 
   259  0091                     	;# 
   260  0092                     	;# 
   261  0093                     	;# 
   262  0093                     	;# 
   263  0093                     	;# 
   264  0094                     	;# 
   265  0095                     	;# 
   266  0096                     	;# 
   267  0097                     	;# 
   268  0098                     	;# 
   269  0099                     	;# 
   270  009A                     	;# 
   271  009B                     	;# 
   272  009C                     	;# 
   273  009D                     	;# 
   274  009E                     	;# 
   275  009F                     	;# 
   276  0105                     	;# 
   277  0107                     	;# 
   278  0108                     	;# 
   279  0109                     	;# 
   280  010C                     	;# 
   281  010C                     	;# 
   282  010D                     	;# 
   283  010E                     	;# 
   284  010F                     	;# 
   285  0185                     	;# 
   286  0187                     	;# 
   287  0188                     	;# 
   288  0189                     	;# 
   289  018C                     	;# 
   290  018D                     	;# 
   291  0000                     	;# 
   292  0001                     	;# 
   293  0002                     	;# 
   294  0003                     	;# 
   295  0004                     	;# 
   296  0005                     	;# 
   297  0006                     	;# 
   298  0007                     	;# 
   299  0008                     	;# 
   300  0009                     	;# 
   301  000A                     	;# 
   302  000B                     	;# 
   303  000C                     	;# 
   304  000D                     	;# 
   305  000E                     	;# 
   306  000E                     	;# 
   307  000F                     	;# 
   308  0010                     	;# 
   309  0011                     	;# 
   310  0012                     	;# 
   311  0013                     	;# 
   312  0014                     	;# 
   313  0015                     	;# 
   314  0015                     	;# 
   315  0016                     	;# 
   316  0017                     	;# 
   317  0018                     	;# 
   318  0019                     	;# 
   319  001A                     	;# 
   320  001B                     	;# 
   321  001B                     	;# 
   322  001C                     	;# 
   323  001D                     	;# 
   324  001E                     	;# 
   325  001F                     	;# 
   326  0081                     	;# 
   327  0085                     	;# 
   328  0086                     	;# 
   329  0087                     	;# 
   330  0088                     	;# 
   331  0089                     	;# 
   332  008C                     	;# 
   333  008D                     	;# 
   334  008E                     	;# 
   335  008F                     	;# 
   336  0090                     	;# 
   337  0091                     	;# 
   338  0092                     	;# 
   339  0093                     	;# 
   340  0093                     	;# 
   341  0093                     	;# 
   342  0094                     	;# 
   343  0095                     	;# 
   344  0096                     	;# 
   345  0097                     	;# 
   346  0098                     	;# 
   347  0099                     	;# 
   348  009A                     	;# 
   349  009B                     	;# 
   350  009C                     	;# 
   351  009D                     	;# 
   352  009E                     	;# 
   353  009F                     	;# 
   354  0105                     	;# 
   355  0107                     	;# 
   356  0108                     	;# 
   357  0109                     	;# 
   358  010C                     	;# 
   359  010C                     	;# 
   360  010D                     	;# 
   361  010E                     	;# 
   362  010F                     	;# 
   363  0185                     	;# 
   364  0187                     	;# 
   365  0188                     	;# 
   366  0189                     	;# 
   367  018C                     	;# 
   368  018D                     	;# 
   369  0000                     	;# 
   370  0001                     	;# 
   371  0002                     	;# 
   372  0003                     	;# 
   373  0004                     	;# 
   374  0005                     	;# 
   375  0006                     	;# 
   376  0007                     	;# 
   377  0008                     	;# 
   378  0009                     	;# 
   379  000A                     	;# 
   380  000B                     	;# 
   381  000C                     	;# 
   382  000D                     	;# 
   383  000E                     	;# 
   384  000E                     	;# 
   385  000F                     	;# 
   386  0010                     	;# 
   387  0011                     	;# 
   388  0012                     	;# 
   389  0013                     	;# 
   390  0014                     	;# 
   391  0015                     	;# 
   392  0015                     	;# 
   393  0016                     	;# 
   394  0017                     	;# 
   395  0018                     	;# 
   396  0019                     	;# 
   397  001A                     	;# 
   398  001B                     	;# 
   399  001B                     	;# 
   400  001C                     	;# 
   401  001D                     	;# 
   402  001E                     	;# 
   403  001F                     	;# 
   404  0081                     	;# 
   405  0085                     	;# 
   406  0086                     	;# 
   407  0087                     	;# 
   408  0088                     	;# 
   409  0089                     	;# 
   410  008C                     	;# 
   411  008D                     	;# 
   412  008E                     	;# 
   413  008F                     	;# 
   414  0090                     	;# 
   415  0091                     	;# 
   416  0092                     	;# 
   417  0093                     	;# 
   418  0093                     	;# 
   419  0093                     	;# 
   420  0094                     	;# 
   421  0095                     	;# 
   422  0096                     	;# 
   423  0097                     	;# 
   424  0098                     	;# 
   425  0099                     	;# 
   426  009A                     	;# 
   427  009B                     	;# 
   428  009C                     	;# 
   429  009D                     	;# 
   430  009E                     	;# 
   431  009F                     	;# 
   432  0105                     	;# 
   433  0107                     	;# 
   434  0108                     	;# 
   435  0109                     	;# 
   436  010C                     	;# 
   437  010C                     	;# 
   438  010D                     	;# 
   439  010E                     	;# 
   440  010F                     	;# 
   441  0185                     	;# 
   442  0187                     	;# 
   443  0188                     	;# 
   444  0189                     	;# 
   445  018C                     	;# 
   446  018D                     	;# 
   447                           
   448                           	psect	idataBANK0
   449  065B                     __pidataBANK0:
   450                           
   451                           ;initializer for _tabla
   452  065B  343F               	retlw	63
   453  065C  3406               	retlw	6
   454  065D  345B               	retlw	91
   455  065E  344F               	retlw	79
   456  065F  3466               	retlw	102
   457  0660  346D               	retlw	109
   458  0661  347D               	retlw	125
   459  0662  3407               	retlw	7
   460  0663  347F               	retlw	127
   461  0664  3467               	retlw	103
   462  0665  3477               	retlw	119
   463  0666  347C               	retlw	124
   464  0667  3439               	retlw	57
   465  0668  345E               	retlw	94
   466  0669  3479               	retlw	121
   467  066A  3471               	retlw	113
   468  0005                     _PORTA	set	5
   469  0006                     _PORTB	set	6
   470  0013                     _SSPBUF	set	19
   471  0014                     _SSPCON	set	20
   472  000C                     _PIR1bits	set	12
   473  001F                     _ADCON0bits	set	31
   474  0063                     _SSPIF	set	99
   475  005E                     _PEIE	set	94
   476  005F                     _GIE	set	95
   477  0086                     _TRISB	set	134
   478  0085                     _TRISA	set	133
   479  0091                     _SSPCON2bits	set	145
   480  0087                     _TRISCbits	set	135
   481  0094                     _SSPSTAT	set	148
   482  0093                     _SSPADD	set	147
   483  0091                     _SSPCON2	set	145
   484  009F                     _ADCON1bits	set	159
   485  008C                     _PIE1bits	set	140
   486  0081                     _OPTION_REGbits	set	129
   487  008F                     _OSCCONbits	set	143
   488  0463                     _SSPIE	set	1123
   489  043C                     _TRISC4	set	1084
   490  043B                     _TRISC3	set	1083
   491  0189                     _ANSELH	set	393
   492  0188                     _ANSEL	set	392
   493  0189                     _ANSELHbits	set	393
   494  0188                     _ANSELbits	set	392
   495                           
   496                           	psect	cinit
   497  07EE                     start_initialization:	
   498                           ; #config settings
   499                           
   500  07EE                     __initialization:
   501                           
   502                           ; Initialize objects allocated to BANK0
   503  07EE  1383               	bcf	3,7	;select IRP bank0
   504  07EF  3030               	movlw	low (__pdataBANK0+16)
   505  07F0  00FD               	movwf	btemp+-1
   506  07F1  3006               	movlw	high __pidataBANK0
   507  07F2  00FE               	movwf	btemp
   508  07F3  305B               	movlw	low __pidataBANK0
   509  07F4  00FF               	movwf	btemp+1
   510  07F5  3020               	movlw	low __pdataBANK0
   511  07F6  0084               	movwf	4
   512  07F7  120A  118A  266F  120A  118A  	fcall	init_ram0
   513  07FC                     end_of_initialization:	
   514                           ;End of C runtime variable initialization code
   515                           
   516  07FC                     __end_of__initialization:
   517  07FC  0183               	clrf	3
   518  07FD  120A  118A  2ECC   	ljmp	_main	;jump to C main() function
   519                           
   520                           	psect	dataBANK0
   521  0020                     __pdataBANK0:
   522  0020                     _tabla:
   523  0020                     	ds	16
   524                           
   525                           	psect	inittext
   526  066B                     init_fetch0:	
   527                           ;	Called with low address in FSR and high address in W
   528                           
   529  066B  087E               	movf	btemp,w
   530  066C  008A               	movwf	10
   531  066D  087F               	movf	btemp+1,w
   532  066E  0082               	movwf	2
   533  066F                     init_ram0:	
   534                           ;Called with:
   535                           ;	high address of idata address in btemp 
   536                           ;	low address of idata address in btemp+1 
   537                           ;	low address of data in FSR
   538                           ;	high address + 1 of data in btemp-1
   539                           
   540  066F  120A  118A  266B  120A  118A  	fcall	init_fetch0
   541  0674  0080               	movwf	0
   542  0675  0A84               	incf	4,f
   543  0676  0804               	movf	4,w
   544  0677  067D               	xorwf	btemp+-1,w
   545  0678  1903               	btfsc	3,2
   546  0679  3400               	retlw	0
   547  067A  0AFF               	incf	btemp+1,f
   548  067B  1903               	btfsc	3,2
   549  067C  0AFE               	incf	btemp,f
   550  067D  2E6F               	goto	init_ram0
   551                           
   552                           	psect	cstackCOMMON
   553  0070                     __pcstackCOMMON:
   554  0070                     ?_setup:
   555  0070                     ?_conf_osc:	
   556                           ; 1 bytes @ 0x0
   557                           
   558  0070                     ??_conf_osc:	
   559                           ; 1 bytes @ 0x0
   560                           
   561  0070                     ?_I2C_Master_Wait:	
   562                           ; 1 bytes @ 0x0
   563                           
   564  0070                     ??_I2C_Master_Wait:	
   565                           ; 1 bytes @ 0x0
   566                           
   567  0070                     ?_I2C_Master_Start:	
   568                           ; 1 bytes @ 0x0
   569                           
   570  0070                     ??_I2C_Master_Start:	
   571                           ; 1 bytes @ 0x0
   572                           
   573  0070                     ?_I2C_Master_Stop:	
   574                           ; 1 bytes @ 0x0
   575                           
   576  0070                     ??_I2C_Master_Stop:	
   577                           ; 1 bytes @ 0x0
   578                           
   579  0070                     ?_I2C_Master_Write:	
   580                           ; 1 bytes @ 0x0
   581                           
   582  0070                     ?_main:	
   583                           ; 1 bytes @ 0x0
   584                           
   585  0070                     ?_I2C_Master_Read:	
   586                           ; 1 bytes @ 0x0
   587                           
   588  0070                     ?___lldiv:	
   589                           ; 2 bytes @ 0x0
   590                           
   591  0070                     I2C_Master_Write@d:	
   592                           ; 4 bytes @ 0x0
   593                           
   594  0070                     I2C_Master_Read@a:	
   595                           ; 2 bytes @ 0x0
   596                           
   597  0070                     ___lldiv@divisor:	
   598                           ; 2 bytes @ 0x0
   599                           
   600                           
   601                           ; 4 bytes @ 0x0
   602  0070                     	ds	2
   603  0072                     ??_I2C_Master_Write:
   604  0072                     ??_I2C_Master_Read:	
   605                           ; 1 bytes @ 0x2
   606                           
   607  0072                     conf_osc@frec:	
   608                           ; 1 bytes @ 0x2
   609                           
   610                           
   611                           ; 1 bytes @ 0x2
   612  0072                     	ds	2
   613  0074                     I2C_Master_Read@temp:
   614  0074                     ___lldiv@dividend:	
   615                           ; 2 bytes @ 0x4
   616                           
   617                           
   618                           ; 4 bytes @ 0x4
   619  0074                     	ds	4
   620  0078                     ??___lldiv:
   621                           
   622                           ; 1 bytes @ 0x8
   623  0078                     	ds	1
   624  0079                     ___lldiv@quotient:
   625                           
   626                           ; 4 bytes @ 0x9
   627  0079                     	ds	4
   628  007D                     ___lldiv@counter:
   629                           
   630                           ; 1 bytes @ 0xD
   631  007D                     	ds	1
   632  007E                     ??_setup:
   633                           
   634                           	psect	cstackBANK0
   635  0030                     __pcstackBANK0:	
   636                           ; 1 bytes @ 0xE
   637                           
   638  0030                     ?_I2C_Master_Init:
   639  0030                     I2C_Master_Init@c:	
   640                           ; 1 bytes @ 0x0
   641                           
   642                           
   643                           ; 4 bytes @ 0x0
   644  0030                     	ds	4
   645  0034                     ??_I2C_Master_Init:
   646                           
   647                           ; 1 bytes @ 0x4
   648  0034                     	ds	4
   649  0038                     ??_main:
   650                           
   651                           ; 1 bytes @ 0x8
   652  0038                     	ds	1
   653                           
   654                           	psect	maintext
   655  06CC                     __pmaintext:	
   656 ;;
   657 ;;Main: autosize = 0, tempsize = 1, incstack = 0, save=0
   658 ;;
   659 ;; *************** function _main *****************
   660 ;; Defined at:
   661 ;;		line 45 in file "Lab04_master.c"
   662 ;; Parameters:    Size  Location     Type
   663 ;;		None
   664 ;; Auto vars:     Size  Location     Type
   665 ;;		None
   666 ;; Return value:  Size  Location     Type
   667 ;;                  1    wreg      void 
   668 ;; Registers used:
   669 ;;		wreg, fsr0l, fsr0h, status,2, status,0, pclath, cstack
   670 ;; Tracked objects:
   671 ;;		On entry : B00/0
   672 ;;		On exit  : 0/0
   673 ;;		Unchanged: 0/0
   674 ;; Data sizes:     COMMON   BANK0   BANK1   BANK3   BANK2
   675 ;;      Params:         0       0       0       0       0
   676 ;;      Locals:         0       0       0       0       0
   677 ;;      Temps:          0       1       0       0       0
   678 ;;      Totals:         0       1       0       0       0
   679 ;;Total ram usage:        1 bytes
   680 ;; Hardware stack levels required when called:    3
   681 ;; This function calls:
   682 ;;		_I2C_Master_Read
   683 ;;		_I2C_Master_Start
   684 ;;		_I2C_Master_Stop
   685 ;;		_I2C_Master_Write
   686 ;;		_setup
   687 ;; This function is called by:
   688 ;;		Startup code after reset
   689 ;; This function uses a non-reentrant model
   690 ;;
   691                           
   692                           
   693                           ;psect for function _main
   694  06CC                     _main:
   695  06CC                     l1230:	
   696                           ;incstack = 0
   697                           ; Regs used in _main: [wreg-fsr0h+status,2+status,0+pclath+cstack]
   698                           
   699                           
   700                           ;Lab04_master.c: 46:     setup();
   701  06CC  120A  118A  267E  120A  118A  	fcall	_setup
   702  06D1                     l1232:
   703                           
   704                           ;Lab04_master.c: 49:          I2C_Master_Start();
   705  06D1  120A  118A  2632  120A  118A  	fcall	_I2C_Master_Start
   706  06D6                     l1234:
   707                           
   708                           ;Lab04_master.c: 50:          I2C_Master_Write(0x11);
   709  06D6  3011               	movlw	17
   710  06D7  00F0               	movwf	I2C_Master_Write@d
   711  06D8  3000               	movlw	0
   712  06D9  00F1               	movwf	I2C_Master_Write@d+1
   713  06DA  120A  118A  2644  120A  118A  	fcall	_I2C_Master_Write
   714  06DF                     l1236:
   715                           
   716                           ;Lab04_master.c: 52:          PORTB = I2C_Master_Read(0);
   717  06DF  3000               	movlw	0
   718  06E0  00F0               	movwf	I2C_Master_Read@a
   719  06E1  00F1               	movwf	I2C_Master_Read@a+1
   720  06E2  120A  118A  269E  120A  118A  	fcall	_I2C_Master_Read
   721  06E7  0870               	movf	?_I2C_Master_Read,w
   722  06E8  1283               	bcf	3,5	;RP0=0, select bank0
   723  06E9  1303               	bcf	3,6	;RP1=0, select bank0
   724  06EA  0086               	movwf	6	;volatile
   725  06EB                     l1238:
   726                           
   727                           ;Lab04_master.c: 53:          I2C_Master_Stop();
   728  06EB  120A  118A  263B  120A  118A  	fcall	_I2C_Master_Stop
   729  06F0                     l1240:
   730                           
   731                           ;Lab04_master.c: 54:          _delay((unsigned long)((200)*(8000000/4000000.0)));
   732  06F0  3084               	movlw	132
   733  06F1  1283               	bcf	3,5	;RP0=0, select bank0
   734  06F2  1303               	bcf	3,6	;RP1=0, select bank0
   735  06F3  00B8               	movwf	??_main
   736  06F4                     u327:
   737  06F4  0BB8               	decfsz	??_main,f
   738  06F5  2EF4               	goto	u327
   739  06F6  0000               	nop
   740  06F7  2ED1               	goto	l1232
   741  06F8  120A  118A  2800   	ljmp	start
   742  06FB                     __end_of_main:
   743                           
   744                           	psect	text1
   745  067E                     __ptext1:	
   746 ;; *************** function _setup *****************
   747 ;; Defined at:
   748 ;;		line 58 in file "Lab04_master.c"
   749 ;; Parameters:    Size  Location     Type
   750 ;;		None
   751 ;; Auto vars:     Size  Location     Type
   752 ;;		None
   753 ;; Return value:  Size  Location     Type
   754 ;;                  1    wreg      void 
   755 ;; Registers used:
   756 ;;		wreg, fsr0l, fsr0h, status,2, status,0, pclath, cstack
   757 ;; Tracked objects:
   758 ;;		On entry : 0/0
   759 ;;		On exit  : 0/0
   760 ;;		Unchanged: 0/0
   761 ;; Data sizes:     COMMON   BANK0   BANK1   BANK3   BANK2
   762 ;;      Params:         0       0       0       0       0
   763 ;;      Locals:         0       0       0       0       0
   764 ;;      Temps:          0       0       0       0       0
   765 ;;      Totals:         0       0       0       0       0
   766 ;;Total ram usage:        0 bytes
   767 ;; Hardware stack levels used:    1
   768 ;; Hardware stack levels required when called:    2
   769 ;; This function calls:
   770 ;;		_I2C_Master_Init
   771 ;;		_conf_osc
   772 ;; This function is called by:
   773 ;;		_main
   774 ;; This function uses a non-reentrant model
   775 ;;
   776                           
   777                           
   778                           ;psect for function _setup
   779  067E                     _setup:
   780  067E                     l1224:	
   781                           ;incstack = 0
   782                           ; Regs used in _setup: [wreg-fsr0h+status,2+status,0+pclath+cstack]
   783                           
   784                           
   785                           ;Lab04_master.c: 59:     ANSEL = 0x00;
   786  067E  1683               	bsf	3,5	;RP0=1, select bank3
   787  067F  1703               	bsf	3,6	;RP1=1, select bank3
   788  0680  0188               	clrf	8	;volatile
   789                           
   790                           ;Lab04_master.c: 60:     ANSELH = 0x00;
   791  0681  0189               	clrf	9	;volatile
   792                           
   793                           ;Lab04_master.c: 62:     TRISA = 0x00;
   794  0682  1683               	bsf	3,5	;RP0=1, select bank1
   795  0683  1303               	bcf	3,6	;RP1=0, select bank1
   796  0684  0185               	clrf	5	;volatile
   797                           
   798                           ;Lab04_master.c: 63:     TRISB = 0x00;
   799  0685  0186               	clrf	6	;volatile
   800                           
   801                           ;Lab04_master.c: 65:     PORTA = 0X00;
   802  0686  1283               	bcf	3,5	;RP0=0, select bank0
   803  0687  1303               	bcf	3,6	;RP1=0, select bank0
   804  0688  0185               	clrf	5	;volatile
   805                           
   806                           ;Lab04_master.c: 66:     PORTB = 0x00;
   807  0689  0186               	clrf	6	;volatile
   808  068A                     l1226:
   809                           
   810                           ;Lab04_master.c: 68:     I2C_Master_Init(100000);
   811  068A  3000               	movlw	0
   812  068B  00B3               	movwf	I2C_Master_Init@c+3
   813  068C  3001               	movlw	1
   814  068D  00B2               	movwf	I2C_Master_Init@c+2
   815  068E  3086               	movlw	134
   816  068F  00B1               	movwf	I2C_Master_Init@c+1
   817  0690  30A0               	movlw	160
   818  0691  00B0               	movwf	I2C_Master_Init@c
   819  0692  120A  118A  26FB  120A  118A  	fcall	_I2C_Master_Init
   820  0697                     l1228:
   821                           
   822                           ;Lab04_master.c: 71:     conf_osc(7);
   823  0697  3007               	movlw	7
   824  0698  120A  118A  2733  120A  118A  	fcall	_conf_osc
   825  069D                     l224:
   826  069D  0008               	return
   827  069E                     __end_of_setup:
   828                           
   829                           	psect	text2
   830  0733                     __ptext2:	
   831 ;; *************** function _conf_osc *****************
   832 ;; Defined at:
   833 ;;		line 23 in file "configuraciones_pic.c"
   834 ;; Parameters:    Size  Location     Type
   835 ;;  frec            1    wreg     unsigned char 
   836 ;; Auto vars:     Size  Location     Type
   837 ;;  frec            1    2[COMMON] unsigned char 
   838 ;; Return value:  Size  Location     Type
   839 ;;                  1    wreg      void 
   840 ;; Registers used:
   841 ;;		wreg, fsr0l, fsr0h, status,2, status,0
   842 ;; Tracked objects:
   843 ;;		On entry : 0/0
   844 ;;		On exit  : 0/0
   845 ;;		Unchanged: 0/0
   846 ;; Data sizes:     COMMON   BANK0   BANK1   BANK3   BANK2
   847 ;;      Params:         0       0       0       0       0
   848 ;;      Locals:         1       0       0       0       0
   849 ;;      Temps:          2       0       0       0       0
   850 ;;      Totals:         3       0       0       0       0
   851 ;;Total ram usage:        3 bytes
   852 ;; Hardware stack levels used:    1
   853 ;; This function calls:
   854 ;;		Nothing
   855 ;; This function is called by:
   856 ;;		_setup
   857 ;; This function uses a non-reentrant model
   858 ;;
   859                           
   860                           
   861                           ;psect for function _conf_osc
   862  0733                     _conf_osc:
   863                           
   864                           ;incstack = 0
   865                           ; Regs used in _conf_osc: [wreg-fsr0h+status,2+status,0]
   866                           ;conf_osc@frec stored from wreg
   867  0733  00F2               	movwf	conf_osc@frec
   868  0734                     l840:
   869                           
   870                           ;configuraciones_pic.c: 24:     switch(frec){
   871  0734  2F67               	goto	l860
   872  0735                     l842:
   873                           
   874                           ;configuraciones_pic.c: 26:             OSCCONbits.IRCF = 000;
   875  0735  308F               	movlw	-113
   876  0736  1683               	bsf	3,5	;RP0=1, select bank1
   877  0737  1303               	bcf	3,6	;RP1=0, select bank1
   878  0738  058F               	andwf	15,f	;volatile
   879                           
   880                           ;configuraciones_pic.c: 27:             break;
   881  0739  2F86               	goto	l11
   882  073A                     l844:
   883                           
   884                           ;configuraciones_pic.c: 29:             OSCCONbits.IRCF = 001;
   885  073A  1683               	bsf	3,5	;RP0=1, select bank1
   886  073B  1303               	bcf	3,6	;RP1=0, select bank1
   887  073C  080F               	movf	15,w	;volatile
   888  073D  398F               	andlw	-113
   889  073E  3810               	iorlw	16
   890  073F  008F               	movwf	15	;volatile
   891                           
   892                           ;configuraciones_pic.c: 30:             break;
   893  0740  2F86               	goto	l11
   894  0741                     l846:
   895                           
   896                           ;configuraciones_pic.c: 32:             OSCCONbits.IRCF = 010;
   897  0741  308F               	movlw	-113
   898  0742  1683               	bsf	3,5	;RP0=1, select bank1
   899  0743  1303               	bcf	3,6	;RP1=0, select bank1
   900  0744  058F               	andwf	15,f	;volatile
   901                           
   902                           ;configuraciones_pic.c: 33:             break;
   903  0745  2F86               	goto	l11
   904  0746                     l848:
   905                           
   906                           ;configuraciones_pic.c: 35:             OSCCONbits.IRCF = 011;
   907  0746  1683               	bsf	3,5	;RP0=1, select bank1
   908  0747  1303               	bcf	3,6	;RP1=0, select bank1
   909  0748  080F               	movf	15,w	;volatile
   910  0749  398F               	andlw	-113
   911  074A  3810               	iorlw	16
   912  074B  008F               	movwf	15	;volatile
   913                           
   914                           ;configuraciones_pic.c: 36:             break;
   915  074C  2F86               	goto	l11
   916  074D                     l850:
   917                           
   918                           ;configuraciones_pic.c: 38:             OSCCONbits.IRCF = 100;
   919  074D  1683               	bsf	3,5	;RP0=1, select bank1
   920  074E  1303               	bcf	3,6	;RP1=0, select bank1
   921  074F  080F               	movf	15,w	;volatile
   922  0750  398F               	andlw	-113
   923  0751  3840               	iorlw	64
   924  0752  008F               	movwf	15	;volatile
   925                           
   926                           ;configuraciones_pic.c: 39:             break;
   927  0753  2F86               	goto	l11
   928  0754                     l852:
   929                           
   930                           ;configuraciones_pic.c: 41:             OSCCONbits.IRCF = 101;
   931  0754  1683               	bsf	3,5	;RP0=1, select bank1
   932  0755  1303               	bcf	3,6	;RP1=0, select bank1
   933  0756  080F               	movf	15,w	;volatile
   934  0757  398F               	andlw	-113
   935  0758  3850               	iorlw	80
   936  0759  008F               	movwf	15	;volatile
   937                           
   938                           ;configuraciones_pic.c: 42:             break;
   939  075A  2F86               	goto	l11
   940  075B                     l854:
   941                           
   942                           ;configuraciones_pic.c: 44:             OSCCONbits.IRCF = 111;
   943  075B  3070               	movlw	112
   944  075C  1683               	bsf	3,5	;RP0=1, select bank1
   945  075D  1303               	bcf	3,6	;RP1=0, select bank1
   946  075E  048F               	iorwf	15,f	;volatile
   947                           
   948                           ;configuraciones_pic.c: 45:             break;
   949  075F  2F86               	goto	l11
   950  0760                     l856:
   951                           
   952                           ;configuraciones_pic.c: 47:             OSCCONbits.IRCF = 110;
   953  0760  1683               	bsf	3,5	;RP0=1, select bank1
   954  0761  1303               	bcf	3,6	;RP1=0, select bank1
   955  0762  080F               	movf	15,w	;volatile
   956  0763  398F               	andlw	-113
   957  0764  3860               	iorlw	96
   958  0765  008F               	movwf	15	;volatile
   959                           
   960                           ;configuraciones_pic.c: 48:             break;
   961  0766  2F86               	goto	l11
   962  0767                     l860:
   963  0767  0872               	movf	conf_osc@frec,w
   964  0768  00F0               	movwf	??_conf_osc
   965  0769  01F1               	clrf	??_conf_osc+1
   966                           
   967                           ; Switch on 2 bytes has been partitioned into a top level switch of size 1, and 1 sub-sw
      +                          itches
   968                           ; Switch size 1, requested type "simple"
   969                           ; Number of cases is 1, Range of values is 0 to 0
   970                           ; switch strategies available:
   971                           ; Name         Instructions Cycles
   972                           ; simple_byte            4     3 (average)
   973                           ; direct_byte           11     8 (fixed)
   974                           ; jumptable            260     6 (fixed)
   975                           ;	Chosen strategy is simple_byte
   976  076A  0871               	movf	??_conf_osc+1,w
   977  076B  3A00               	xorlw	0	; case 0
   978  076C  1903               	skipnz
   979  076D  2F6F               	goto	l1262
   980  076E  2F60               	goto	l856
   981  076F                     l1262:
   982                           
   983                           ; Switch size 1, requested type "simple"
   984                           ; Number of cases is 7, Range of values is 0 to 7
   985                           ; switch strategies available:
   986                           ; Name         Instructions Cycles
   987                           ; simple_byte           22    12 (average)
   988                           ; direct_byte           32     8 (fixed)
   989                           ; jumptable            260     6 (fixed)
   990                           ;	Chosen strategy is simple_byte
   991  076F  0870               	movf	??_conf_osc,w
   992  0770  3A00               	xorlw	0	; case 0
   993  0771  1903               	skipnz
   994  0772  2F35               	goto	l842
   995  0773  3A01               	xorlw	1	; case 1
   996  0774  1903               	skipnz
   997  0775  2F3A               	goto	l844
   998  0776  3A03               	xorlw	3	; case 2
   999  0777  1903               	skipnz
  1000  0778  2F41               	goto	l846
  1001  0779  3A01               	xorlw	1	; case 3
  1002  077A  1903               	skipnz
  1003  077B  2F46               	goto	l848
  1004  077C  3A07               	xorlw	7	; case 4
  1005  077D  1903               	skipnz
  1006  077E  2F4D               	goto	l850
  1007  077F  3A01               	xorlw	1	; case 5
  1008  0780  1903               	skipnz
  1009  0781  2F54               	goto	l852
  1010  0782  3A02               	xorlw	2	; case 7
  1011  0783  1903               	skipnz
  1012  0784  2F5B               	goto	l854
  1013  0785  2F60               	goto	l856
  1014  0786                     l11:
  1015                           
  1016                           ;configuraciones_pic.c: 50:     OSCCONbits.SCS = 1;
  1017  0786  140F               	bsf	15,0	;volatile
  1018  0787                     l19:
  1019  0787  0008               	return
  1020  0788                     __end_of_conf_osc:
  1021                           
  1022                           	psect	text3
  1023  06FB                     __ptext3:	
  1024 ;; *************** function _I2C_Master_Init *****************
  1025 ;; Defined at:
  1026 ;;		line 16 in file "I2C.c"
  1027 ;; Parameters:    Size  Location     Type
  1028 ;;  c               4    0[BANK0 ] const unsigned long 
  1029 ;; Auto vars:     Size  Location     Type
  1030 ;;		None
  1031 ;; Return value:  Size  Location     Type
  1032 ;;                  1    wreg      void 
  1033 ;; Registers used:
  1034 ;;		wreg, status,2, status,0, pclath, cstack
  1035 ;; Tracked objects:
  1036 ;;		On entry : 0/0
  1037 ;;		On exit  : 0/0
  1038 ;;		Unchanged: 0/0
  1039 ;; Data sizes:     COMMON   BANK0   BANK1   BANK3   BANK2
  1040 ;;      Params:         0       4       0       0       0
  1041 ;;      Locals:         0       0       0       0       0
  1042 ;;      Temps:          0       4       0       0       0
  1043 ;;      Totals:         0       8       0       0       0
  1044 ;;Total ram usage:        8 bytes
  1045 ;; Hardware stack levels used:    1
  1046 ;; Hardware stack levels required when called:    1
  1047 ;; This function calls:
  1048 ;;		___lldiv
  1049 ;; This function is called by:
  1050 ;;		_setup
  1051 ;; This function uses a non-reentrant model
  1052 ;;
  1053                           
  1054                           
  1055                           ;psect for function _I2C_Master_Init
  1056  06FB                     _I2C_Master_Init:
  1057  06FB                     l1192:	
  1058                           ;incstack = 0
  1059                           ; Regs used in _I2C_Master_Init: [wreg+status,2+status,0+pclath+cstack]
  1060                           
  1061                           
  1062                           ;I2C.c: 16: void I2C_Master_Init(const unsigned long c);I2C.c: 17: {;I2C.c: 18:     SSPC
      +                          ON = 0b00101000;
  1063  06FB  3028               	movlw	40
  1064  06FC  1283               	bcf	3,5	;RP0=0, select bank0
  1065  06FD  1303               	bcf	3,6	;RP1=0, select bank0
  1066  06FE  0094               	movwf	20	;volatile
  1067  06FF                     l1194:
  1068                           
  1069                           ;I2C.c: 19:     SSPCON2 = 0;
  1070  06FF  1683               	bsf	3,5	;RP0=1, select bank1
  1071  0700  1303               	bcf	3,6	;RP1=0, select bank1
  1072  0701  0191               	clrf	17	;volatile
  1073  0702                     l1196:
  1074                           
  1075                           ;I2C.c: 20:     SSPADD = (8000000/(4*c))-1;
  1076  0702  1283               	bcf	3,5	;RP0=0, select bank0
  1077  0703  1303               	bcf	3,6	;RP1=0, select bank0
  1078  0704  0830               	movf	I2C_Master_Init@c,w
  1079  0705  00B4               	movwf	??_I2C_Master_Init
  1080  0706  0831               	movf	I2C_Master_Init@c+1,w
  1081  0707  00B5               	movwf	??_I2C_Master_Init+1
  1082  0708  0832               	movf	I2C_Master_Init@c+2,w
  1083  0709  00B6               	movwf	??_I2C_Master_Init+2
  1084  070A  0833               	movf	I2C_Master_Init@c+3,w
  1085  070B  00B7               	movwf	??_I2C_Master_Init+3
  1086  070C  3002               	movlw	2
  1087  070D                     u305:
  1088  070D  1003               	clrc
  1089  070E  0DB4               	rlf	??_I2C_Master_Init,f
  1090  070F  0DB5               	rlf	??_I2C_Master_Init+1,f
  1091  0710  0DB6               	rlf	??_I2C_Master_Init+2,f
  1092  0711  0DB7               	rlf	??_I2C_Master_Init+3,f
  1093  0712                     u300:
  1094  0712  3EFF               	addlw	-1
  1095  0713  1D03               	skipz
  1096  0714  2F0D               	goto	u305
  1097  0715  0837               	movf	??_I2C_Master_Init+3,w
  1098  0716  00F3               	movwf	___lldiv@divisor+3
  1099  0717  0836               	movf	??_I2C_Master_Init+2,w
  1100  0718  00F2               	movwf	___lldiv@divisor+2
  1101  0719  0835               	movf	??_I2C_Master_Init+1,w
  1102  071A  00F1               	movwf	___lldiv@divisor+1
  1103  071B  0834               	movf	??_I2C_Master_Init,w
  1104  071C  00F0               	movwf	___lldiv@divisor
  1105  071D  3000               	movlw	0
  1106  071E  00F7               	movwf	___lldiv@dividend+3
  1107  071F  307A               	movlw	122
  1108  0720  00F6               	movwf	___lldiv@dividend+2
  1109  0721  3012               	movlw	18
  1110  0722  00F5               	movwf	___lldiv@dividend+1
  1111  0723  3000               	movlw	0
  1112  0724  00F4               	movwf	___lldiv@dividend
  1113  0725  120A  118A  2788  120A  118A  	fcall	___lldiv
  1114  072A  0870               	movf	?___lldiv,w
  1115  072B  3EFF               	addlw	255
  1116  072C  1683               	bsf	3,5	;RP0=1, select bank1
  1117  072D  1303               	bcf	3,6	;RP1=0, select bank1
  1118  072E  0093               	movwf	19	;volatile
  1119  072F                     l1198:
  1120                           
  1121                           ;I2C.c: 21:     SSPSTAT = 0;
  1122  072F  0194               	clrf	20	;volatile
  1123  0730                     l1200:
  1124                           
  1125                           ;I2C.c: 22:     TRISCbits.TRISC3 = 1;
  1126  0730  1587               	bsf	7,3	;volatile
  1127  0731                     l1202:
  1128                           
  1129                           ;I2C.c: 23:     TRISCbits.TRISC4 = 1;
  1130  0731  1607               	bsf	7,4	;volatile
  1131  0732                     l159:
  1132  0732  0008               	return
  1133  0733                     __end_of_I2C_Master_Init:
  1134                           
  1135                           	psect	text4
  1136  0788                     __ptext4:	
  1137 ;; *************** function ___lldiv *****************
  1138 ;; Defined at:
  1139 ;;		line 5 in file "C:\Program Files\Microchip\xc8\v2.31\pic\sources\c90\common\__lldiv.c"
  1140 ;; Parameters:    Size  Location     Type
  1141 ;;  divisor         4    0[COMMON] unsigned long 
  1142 ;;  dividend        4    4[COMMON] unsigned long 
  1143 ;; Auto vars:     Size  Location     Type
  1144 ;;  quotient        4    9[COMMON] unsigned long 
  1145 ;;  counter         1   13[COMMON] unsigned char 
  1146 ;; Return value:  Size  Location     Type
  1147 ;;                  4    0[COMMON] unsigned long 
  1148 ;; Registers used:
  1149 ;;		wreg, status,2, status,0
  1150 ;; Tracked objects:
  1151 ;;		On entry : 0/0
  1152 ;;		On exit  : 0/0
  1153 ;;		Unchanged: 0/0
  1154 ;; Data sizes:     COMMON   BANK0   BANK1   BANK3   BANK2
  1155 ;;      Params:         8       0       0       0       0
  1156 ;;      Locals:         5       0       0       0       0
  1157 ;;      Temps:          1       0       0       0       0
  1158 ;;      Totals:        14       0       0       0       0
  1159 ;;Total ram usage:       14 bytes
  1160 ;; Hardware stack levels used:    1
  1161 ;; This function calls:
  1162 ;;		Nothing
  1163 ;; This function is called by:
  1164 ;;		_I2C_Master_Init
  1165 ;; This function uses a non-reentrant model
  1166 ;;
  1167                           
  1168                           
  1169                           ;psect for function ___lldiv
  1170  0788                     ___lldiv:
  1171  0788                     l1168:	
  1172                           ;incstack = 0
  1173                           ; Regs used in ___lldiv: [wreg+status,2+status,0]
  1174                           
  1175  0788  3000               	movlw	0
  1176  0789  00FC               	movwf	___lldiv@quotient+3
  1177  078A  3000               	movlw	0
  1178  078B  00FB               	movwf	___lldiv@quotient+2
  1179  078C  3000               	movlw	0
  1180  078D  00FA               	movwf	___lldiv@quotient+1
  1181  078E  3000               	movlw	0
  1182  078F  00F9               	movwf	___lldiv@quotient
  1183  0790  0873               	movf	___lldiv@divisor+3,w
  1184  0791  0472               	iorwf	___lldiv@divisor+2,w
  1185  0792  0471               	iorwf	___lldiv@divisor+1,w
  1186  0793  0470               	iorwf	___lldiv@divisor,w
  1187  0794  1903               	skipnz
  1188  0795  2F97               	goto	u231
  1189  0796  2F98               	goto	u230
  1190  0797                     u231:
  1191  0797  2FE5               	goto	l1188
  1192  0798                     u230:
  1193  0798                     l1170:
  1194  0798  01FD               	clrf	___lldiv@counter
  1195  0799  0AFD               	incf	___lldiv@counter,f
  1196  079A  2FA8               	goto	l1174
  1197  079B                     l1172:
  1198  079B  3001               	movlw	1
  1199  079C  00F8               	movwf	??___lldiv
  1200  079D                     u245:
  1201  079D  1003               	clrc
  1202  079E  0DF0               	rlf	___lldiv@divisor,f
  1203  079F  0DF1               	rlf	___lldiv@divisor+1,f
  1204  07A0  0DF2               	rlf	___lldiv@divisor+2,f
  1205  07A1  0DF3               	rlf	___lldiv@divisor+3,f
  1206  07A2  0BF8               	decfsz	??___lldiv,f
  1207  07A3  2F9D               	goto	u245
  1208  07A4  3001               	movlw	1
  1209  07A5  00F8               	movwf	??___lldiv
  1210  07A6  0878               	movf	??___lldiv,w
  1211  07A7  07FD               	addwf	___lldiv@counter,f
  1212  07A8                     l1174:
  1213  07A8  1FF3               	btfss	___lldiv@divisor+3,7
  1214  07A9  2FAB               	goto	u251
  1215  07AA  2FAC               	goto	u250
  1216  07AB                     u251:
  1217  07AB  2F9B               	goto	l1172
  1218  07AC                     u250:
  1219  07AC                     l1176:
  1220  07AC  3001               	movlw	1
  1221  07AD  00F8               	movwf	??___lldiv
  1222  07AE                     u265:
  1223  07AE  1003               	clrc
  1224  07AF  0DF9               	rlf	___lldiv@quotient,f
  1225  07B0  0DFA               	rlf	___lldiv@quotient+1,f
  1226  07B1  0DFB               	rlf	___lldiv@quotient+2,f
  1227  07B2  0DFC               	rlf	___lldiv@quotient+3,f
  1228  07B3  0BF8               	decfsz	??___lldiv,f
  1229  07B4  2FAE               	goto	u265
  1230  07B5                     l1178:
  1231  07B5  0873               	movf	___lldiv@divisor+3,w
  1232  07B6  0277               	subwf	___lldiv@dividend+3,w
  1233  07B7  1D03               	skipz
  1234  07B8  2FC3               	goto	u275
  1235  07B9  0872               	movf	___lldiv@divisor+2,w
  1236  07BA  0276               	subwf	___lldiv@dividend+2,w
  1237  07BB  1D03               	skipz
  1238  07BC  2FC3               	goto	u275
  1239  07BD  0871               	movf	___lldiv@divisor+1,w
  1240  07BE  0275               	subwf	___lldiv@dividend+1,w
  1241  07BF  1D03               	skipz
  1242  07C0  2FC3               	goto	u275
  1243  07C1  0870               	movf	___lldiv@divisor,w
  1244  07C2  0274               	subwf	___lldiv@dividend,w
  1245  07C3                     u275:
  1246  07C3  1C03               	skipc
  1247  07C4  2FC6               	goto	u271
  1248  07C5  2FC7               	goto	u270
  1249  07C6                     u271:
  1250  07C6  2FD6               	goto	l1184
  1251  07C7                     u270:
  1252  07C7                     l1180:
  1253  07C7  0870               	movf	___lldiv@divisor,w
  1254  07C8  02F4               	subwf	___lldiv@dividend,f
  1255  07C9  0871               	movf	___lldiv@divisor+1,w
  1256  07CA  1C03               	skipc
  1257  07CB  0F71               	incfsz	___lldiv@divisor+1,w
  1258  07CC  02F5               	subwf	___lldiv@dividend+1,f
  1259  07CD  0872               	movf	___lldiv@divisor+2,w
  1260  07CE  1C03               	skipc
  1261  07CF  0F72               	incfsz	___lldiv@divisor+2,w
  1262  07D0  02F6               	subwf	___lldiv@dividend+2,f
  1263  07D1  0873               	movf	___lldiv@divisor+3,w
  1264  07D2  1C03               	skipc
  1265  07D3  0F73               	incfsz	___lldiv@divisor+3,w
  1266  07D4  02F7               	subwf	___lldiv@dividend+3,f
  1267  07D5                     l1182:
  1268  07D5  1479               	bsf	___lldiv@quotient,0
  1269  07D6                     l1184:
  1270  07D6  3001               	movlw	1
  1271  07D7                     u285:
  1272  07D7  1003               	clrc
  1273  07D8  0CF3               	rrf	___lldiv@divisor+3,f
  1274  07D9  0CF2               	rrf	___lldiv@divisor+2,f
  1275  07DA  0CF1               	rrf	___lldiv@divisor+1,f
  1276  07DB  0CF0               	rrf	___lldiv@divisor,f
  1277  07DC  3EFF               	addlw	-1
  1278  07DD  1D03               	skipz
  1279  07DE  2FD7               	goto	u285
  1280  07DF                     l1186:
  1281  07DF  3001               	movlw	1
  1282  07E0  02FD               	subwf	___lldiv@counter,f
  1283  07E1  1D03               	btfss	3,2
  1284  07E2  2FE4               	goto	u291
  1285  07E3  2FE5               	goto	u290
  1286  07E4                     u291:
  1287  07E4  2FAC               	goto	l1176
  1288  07E5                     u290:
  1289  07E5                     l1188:
  1290  07E5  087C               	movf	___lldiv@quotient+3,w
  1291  07E6  00F3               	movwf	?___lldiv+3
  1292  07E7  087B               	movf	___lldiv@quotient+2,w
  1293  07E8  00F2               	movwf	?___lldiv+2
  1294  07E9  087A               	movf	___lldiv@quotient+1,w
  1295  07EA  00F1               	movwf	?___lldiv+1
  1296  07EB  0879               	movf	___lldiv@quotient,w
  1297  07EC  00F0               	movwf	?___lldiv
  1298  07ED                     l346:
  1299  07ED  0008               	return
  1300  07EE                     __end_of___lldiv:
  1301                           
  1302                           	psect	text5
  1303  0644                     __ptext5:	
  1304 ;; *************** function _I2C_Master_Write *****************
  1305 ;; Defined at:
  1306 ;;		line 65 in file "I2C.c"
  1307 ;; Parameters:    Size  Location     Type
  1308 ;;  d               2    0[COMMON] unsigned int 
  1309 ;; Auto vars:     Size  Location     Type
  1310 ;;		None
  1311 ;; Return value:  Size  Location     Type
  1312 ;;                  1    wreg      void 
  1313 ;; Registers used:
  1314 ;;		wreg, status,2, status,0, pclath, cstack
  1315 ;; Tracked objects:
  1316 ;;		On entry : 0/0
  1317 ;;		On exit  : 0/0
  1318 ;;		Unchanged: 0/0
  1319 ;; Data sizes:     COMMON   BANK0   BANK1   BANK3   BANK2
  1320 ;;      Params:         2       0       0       0       0
  1321 ;;      Locals:         0       0       0       0       0
  1322 ;;      Temps:          0       0       0       0       0
  1323 ;;      Totals:         2       0       0       0       0
  1324 ;;Total ram usage:        2 bytes
  1325 ;; Hardware stack levels used:    1
  1326 ;; Hardware stack levels required when called:    1
  1327 ;; This function calls:
  1328 ;;		_I2C_Master_Wait
  1329 ;; This function is called by:
  1330 ;;		_main
  1331 ;; This function uses a non-reentrant model
  1332 ;;
  1333                           
  1334                           
  1335                           ;psect for function _I2C_Master_Write
  1336  0644                     _I2C_Master_Write:
  1337  0644                     l1204:	
  1338                           ;incstack = 0
  1339                           ; Regs used in _I2C_Master_Write: [wreg+status,2+status,0+pclath+cstack]
  1340                           
  1341                           
  1342                           ;I2C.c: 65: void I2C_Master_Write(unsigned d);I2C.c: 66: {;I2C.c: 67:     I2C_Master_Wai
      +                          t();
  1343  0644  120A  118A  264E  120A  118A  	fcall	_I2C_Master_Wait
  1344  0649                     l1206:
  1345                           
  1346                           ;I2C.c: 68:     SSPBUF = d;
  1347  0649  0870               	movf	I2C_Master_Write@d,w
  1348  064A  1283               	bcf	3,5	;RP0=0, select bank0
  1349  064B  1303               	bcf	3,6	;RP1=0, select bank0
  1350  064C  0093               	movwf	19	;volatile
  1351  064D                     l177:
  1352  064D  0008               	return
  1353  064E                     __end_of_I2C_Master_Write:
  1354                           
  1355                           	psect	text6
  1356  063B                     __ptext6:	
  1357 ;; *************** function _I2C_Master_Stop *****************
  1358 ;; Defined at:
  1359 ;;		line 55 in file "I2C.c"
  1360 ;; Parameters:    Size  Location     Type
  1361 ;;		None
  1362 ;; Auto vars:     Size  Location     Type
  1363 ;;		None
  1364 ;; Return value:  Size  Location     Type
  1365 ;;                  1    wreg      void 
  1366 ;; Registers used:
  1367 ;;		wreg, status,2, status,0, pclath, cstack
  1368 ;; Tracked objects:
  1369 ;;		On entry : 0/0
  1370 ;;		On exit  : 0/0
  1371 ;;		Unchanged: 0/0
  1372 ;; Data sizes:     COMMON   BANK0   BANK1   BANK3   BANK2
  1373 ;;      Params:         0       0       0       0       0
  1374 ;;      Locals:         0       0       0       0       0
  1375 ;;      Temps:          0       0       0       0       0
  1376 ;;      Totals:         0       0       0       0       0
  1377 ;;Total ram usage:        0 bytes
  1378 ;; Hardware stack levels used:    1
  1379 ;; Hardware stack levels required when called:    1
  1380 ;; This function calls:
  1381 ;;		_I2C_Master_Wait
  1382 ;; This function is called by:
  1383 ;;		_main
  1384 ;; This function uses a non-reentrant model
  1385 ;;
  1386                           
  1387                           
  1388                           ;psect for function _I2C_Master_Stop
  1389  063B                     _I2C_Master_Stop:
  1390  063B                     l886:	
  1391                           ;incstack = 0
  1392                           ; Regs used in _I2C_Master_Stop: [wreg+status,2+status,0+pclath+cstack]
  1393                           
  1394                           
  1395                           ;I2C.c: 57:     I2C_Master_Wait();
  1396  063B  120A  118A  264E  120A  118A  	fcall	_I2C_Master_Wait
  1397  0640                     l888:
  1398                           
  1399                           ;I2C.c: 58:     SSPCON2bits.PEN = 1;
  1400  0640  1683               	bsf	3,5	;RP0=1, select bank1
  1401  0641  1303               	bcf	3,6	;RP1=0, select bank1
  1402  0642  1511               	bsf	17,2	;volatile
  1403  0643                     l174:
  1404  0643  0008               	return
  1405  0644                     __end_of_I2C_Master_Stop:
  1406                           
  1407                           	psect	text7
  1408  0632                     __ptext7:	
  1409 ;; *************** function _I2C_Master_Start *****************
  1410 ;; Defined at:
  1411 ;;		line 39 in file "I2C.c"
  1412 ;; Parameters:    Size  Location     Type
  1413 ;;		None
  1414 ;; Auto vars:     Size  Location     Type
  1415 ;;		None
  1416 ;; Return value:  Size  Location     Type
  1417 ;;                  1    wreg      void 
  1418 ;; Registers used:
  1419 ;;		wreg, status,2, status,0, pclath, cstack
  1420 ;; Tracked objects:
  1421 ;;		On entry : 0/0
  1422 ;;		On exit  : 0/0
  1423 ;;		Unchanged: 0/0
  1424 ;; Data sizes:     COMMON   BANK0   BANK1   BANK3   BANK2
  1425 ;;      Params:         0       0       0       0       0
  1426 ;;      Locals:         0       0       0       0       0
  1427 ;;      Temps:          0       0       0       0       0
  1428 ;;      Totals:         0       0       0       0       0
  1429 ;;Total ram usage:        0 bytes
  1430 ;; Hardware stack levels used:    1
  1431 ;; Hardware stack levels required when called:    1
  1432 ;; This function calls:
  1433 ;;		_I2C_Master_Wait
  1434 ;; This function is called by:
  1435 ;;		_main
  1436 ;; This function uses a non-reentrant model
  1437 ;;
  1438                           
  1439                           
  1440                           ;psect for function _I2C_Master_Start
  1441  0632                     _I2C_Master_Start:
  1442  0632                     l882:	
  1443                           ;incstack = 0
  1444                           ; Regs used in _I2C_Master_Start: [wreg+status,2+status,0+pclath+cstack]
  1445                           
  1446                           
  1447                           ;I2C.c: 41:     I2C_Master_Wait();
  1448  0632  120A  118A  264E  120A  118A  	fcall	_I2C_Master_Wait
  1449  0637                     l884:
  1450                           
  1451                           ;I2C.c: 42:     SSPCON2bits.SEN = 1;
  1452  0637  1683               	bsf	3,5	;RP0=1, select bank1
  1453  0638  1303               	bcf	3,6	;RP1=0, select bank1
  1454  0639  1411               	bsf	17,0	;volatile
  1455  063A                     l168:
  1456  063A  0008               	return
  1457  063B                     __end_of_I2C_Master_Start:
  1458                           
  1459                           	psect	text8
  1460  069E                     __ptext8:	
  1461 ;; *************** function _I2C_Master_Read *****************
  1462 ;; Defined at:
  1463 ;;		line 74 in file "I2C.c"
  1464 ;; Parameters:    Size  Location     Type
  1465 ;;  a               2    0[COMMON] unsigned short 
  1466 ;; Auto vars:     Size  Location     Type
  1467 ;;  temp            2    4[COMMON] unsigned short 
  1468 ;; Return value:  Size  Location     Type
  1469 ;;                  2    0[COMMON] unsigned short 
  1470 ;; Registers used:
  1471 ;;		wreg, status,2, status,0, pclath, cstack
  1472 ;; Tracked objects:
  1473 ;;		On entry : 0/0
  1474 ;;		On exit  : 0/0
  1475 ;;		Unchanged: 0/0
  1476 ;; Data sizes:     COMMON   BANK0   BANK1   BANK3   BANK2
  1477 ;;      Params:         2       0       0       0       0
  1478 ;;      Locals:         2       0       0       0       0
  1479 ;;      Temps:          2       0       0       0       0
  1480 ;;      Totals:         6       0       0       0       0
  1481 ;;Total ram usage:        6 bytes
  1482 ;; Hardware stack levels used:    1
  1483 ;; Hardware stack levels required when called:    1
  1484 ;; This function calls:
  1485 ;;		_I2C_Master_Wait
  1486 ;; This function is called by:
  1487 ;;		_main
  1488 ;; This function uses a non-reentrant model
  1489 ;;
  1490                           
  1491                           
  1492                           ;psect for function _I2C_Master_Read
  1493  069E                     _I2C_Master_Read:
  1494  069E                     l1208:	
  1495                           ;incstack = 0
  1496                           ; Regs used in _I2C_Master_Read: [wreg+status,2+status,0+pclath+cstack]
  1497                           
  1498                           
  1499                           ;I2C.c: 74: unsigned short I2C_Master_Read(unsigned short a);I2C.c: 75: {;I2C.c: 76:    
      +                           unsigned short temp;;I2C.c: 77:     I2C_Master_Wait();
  1500  069E  120A  118A  264E  120A  118A  	fcall	_I2C_Master_Wait
  1501  06A3                     l1210:
  1502                           
  1503                           ;I2C.c: 78:     SSPCON2bits.RCEN = 1;
  1504  06A3  1683               	bsf	3,5	;RP0=1, select bank1
  1505  06A4  1303               	bcf	3,6	;RP1=0, select bank1
  1506  06A5  1591               	bsf	17,3	;volatile
  1507                           
  1508                           ;I2C.c: 79:     I2C_Master_Wait();
  1509  06A6  120A  118A  264E  120A  118A  	fcall	_I2C_Master_Wait
  1510  06AB                     l1212:
  1511                           
  1512                           ;I2C.c: 80:     temp = SSPBUF;
  1513  06AB  1283               	bcf	3,5	;RP0=0, select bank0
  1514  06AC  1303               	bcf	3,6	;RP1=0, select bank0
  1515  06AD  0813               	movf	19,w	;volatile
  1516  06AE  00F2               	movwf	??_I2C_Master_Read
  1517  06AF  01F3               	clrf	??_I2C_Master_Read+1
  1518  06B0  0872               	movf	??_I2C_Master_Read,w
  1519  06B1  00F4               	movwf	I2C_Master_Read@temp
  1520  06B2  0873               	movf	??_I2C_Master_Read+1,w
  1521  06B3  00F5               	movwf	I2C_Master_Read@temp+1
  1522  06B4                     l1214:
  1523                           
  1524                           ;I2C.c: 81:     I2C_Master_Wait();
  1525  06B4  120A  118A  264E  120A  118A  	fcall	_I2C_Master_Wait
  1526  06B9                     l1216:
  1527                           
  1528                           ;I2C.c: 82:     if(a == 1){
  1529  06B9  0370               	decf	I2C_Master_Read@a,w
  1530  06BA  0471               	iorwf	I2C_Master_Read@a+1,w
  1531  06BB  1D03               	btfss	3,2
  1532  06BC  2EBE               	goto	u311
  1533  06BD  2EBF               	goto	u310
  1534  06BE                     u311:
  1535  06BE  2EC3               	goto	l180
  1536  06BF                     u310:
  1537  06BF                     l1218:
  1538                           
  1539                           ;I2C.c: 83:         SSPCON2bits.ACKDT = 0;
  1540  06BF  1683               	bsf	3,5	;RP0=1, select bank1
  1541  06C0  1303               	bcf	3,6	;RP1=0, select bank1
  1542  06C1  1291               	bcf	17,5	;volatile
  1543                           
  1544                           ;I2C.c: 84:     }else{
  1545  06C2  2EC6               	goto	l181
  1546  06C3                     l180:
  1547                           
  1548                           ;I2C.c: 85:         SSPCON2bits.ACKDT = 1;
  1549  06C3  1683               	bsf	3,5	;RP0=1, select bank1
  1550  06C4  1303               	bcf	3,6	;RP1=0, select bank1
  1551  06C5  1691               	bsf	17,5	;volatile
  1552  06C6                     l181:	
  1553                           ;I2C.c: 86:     }
  1554                           
  1555                           
  1556                           ;I2C.c: 87:     SSPCON2bits.ACKEN = 1;
  1557  06C6  1611               	bsf	17,4	;volatile
  1558  06C7                     l1220:
  1559                           
  1560                           ;I2C.c: 88:     return temp;
  1561  06C7  0875               	movf	I2C_Master_Read@temp+1,w
  1562  06C8  00F1               	movwf	?_I2C_Master_Read+1
  1563  06C9  0874               	movf	I2C_Master_Read@temp,w
  1564  06CA  00F0               	movwf	?_I2C_Master_Read
  1565  06CB                     l182:
  1566  06CB  0008               	return
  1567  06CC                     __end_of_I2C_Master_Read:
  1568                           
  1569                           	psect	text9
  1570  064E                     __ptext9:	
  1571 ;; *************** function _I2C_Master_Wait *****************
  1572 ;; Defined at:
  1573 ;;		line 32 in file "I2C.c"
  1574 ;; Parameters:    Size  Location     Type
  1575 ;;		None
  1576 ;; Auto vars:     Size  Location     Type
  1577 ;;		None
  1578 ;; Return value:  Size  Location     Type
  1579 ;;                  1    wreg      void 
  1580 ;; Registers used:
  1581 ;;		wreg, status,2
  1582 ;; Tracked objects:
  1583 ;;		On entry : 0/0
  1584 ;;		On exit  : 0/0
  1585 ;;		Unchanged: 0/0
  1586 ;; Data sizes:     COMMON   BANK0   BANK1   BANK3   BANK2
  1587 ;;      Params:         0       0       0       0       0
  1588 ;;      Locals:         0       0       0       0       0
  1589 ;;      Temps:          0       0       0       0       0
  1590 ;;      Totals:         0       0       0       0       0
  1591 ;;Total ram usage:        0 bytes
  1592 ;; Hardware stack levels used:    1
  1593 ;; This function calls:
  1594 ;;		Nothing
  1595 ;; This function is called by:
  1596 ;;		_I2C_Master_Start
  1597 ;;		_I2C_Master_Stop
  1598 ;;		_I2C_Master_Write
  1599 ;;		_I2C_Master_Read
  1600 ;;		_I2C_Master_RepeatedStart
  1601 ;; This function uses a non-reentrant model
  1602 ;;
  1603                           
  1604                           
  1605                           ;psect for function _I2C_Master_Wait
  1606  064E                     _I2C_Master_Wait:
  1607  064E                     l878:	
  1608                           ;incstack = 0
  1609                           ; Regs used in _I2C_Master_Wait: [wreg+status,2]
  1610                           
  1611  064E                     l162:	
  1612                           ;I2C.c: 34:     while ((SSPSTAT & 0x04) || (SSPCON2 & 0x1F));
  1613                           
  1614  064E  1683               	bsf	3,5	;RP0=1, select bank1
  1615  064F  1303               	bcf	3,6	;RP1=0, select bank1
  1616  0650  1914               	btfsc	20,2	;volatile
  1617  0651  2E53               	goto	u91
  1618  0652  2E54               	goto	u90
  1619  0653                     u91:
  1620  0653  2E4E               	goto	l162
  1621  0654                     u90:
  1622  0654                     l880:
  1623  0654  0811               	movf	17,w	;volatile
  1624  0655  391F               	andlw	31
  1625  0656  1D03               	btfss	3,2
  1626  0657  2E59               	goto	u101
  1627  0658  2E5A               	goto	u100
  1628  0659                     u101:
  1629  0659  2E4E               	goto	l162
  1630  065A                     u100:
  1631  065A                     l165:
  1632  065A  0008               	return
  1633  065B                     __end_of_I2C_Master_Wait:
  1634  007E                     btemp	set	126	;btemp
  1635  007E                     wtemp0	set	126
  1636                           
  1637                           	psect	config
  1638                           
  1639                           ;Config register CONFIG1 @ 0x2007
  1640                           ;	Oscillator Selection bits
  1641                           ;	FOSC = INTRC_NOCLKOUT, INTOSCIO oscillator: I/O function on RA6/OSC2/CLKOUT pin, I/O f
      +                          unction on RA7/OSC1/CLKIN
  1642                           ;	Watchdog Timer Enable bit
  1643                           ;	WDTE = OFF, WDT disabled and can be enabled by SWDTEN bit of the WDTCON register
  1644                           ;	Power-up Timer Enable bit
  1645                           ;	PWRTE = ON, PWRT enabled
  1646                           ;	RE3/MCLR pin function select bit
  1647                           ;	MCLRE = OFF, RE3/MCLR pin function is digital input, MCLR internally tied to VDD
  1648                           ;	Code Protection bit
  1649                           ;	CP = OFF, Program memory code protection is disabled
  1650                           ;	Data Code Protection bit
  1651                           ;	CPD = OFF, Data memory code protection is disabled
  1652                           ;	Brown Out Reset Selection bits
  1653                           ;	BOREN = OFF, BOR disabled
  1654                           ;	Internal External Switchover bit
  1655                           ;	IESO = OFF, Internal/External Switchover mode is disabled
  1656                           ;	Fail-Safe Clock Monitor Enabled bit
  1657                           ;	FCMEN = OFF, Fail-Safe Clock Monitor is disabled
  1658                           ;	Low Voltage Programming Enable bit
  1659                           ;	LVP = OFF, RB3 pin has digital I/O, HV on MCLR must be used for programming
  1660                           ;	In-Circuit Debugger Mode bit
  1661                           ;	DEBUG = 0x1, unprogrammed default
  1662  2007                     	org	8199
  1663  2007  20C4               	dw	8388
  1664                           
  1665                           ;Config register CONFIG2 @ 0x2008
  1666                           ;	Brown-out Reset Selection bit
  1667                           ;	BOR4V = BOR40V, Brown-out Reset set to 4.0V
  1668                           ;	Flash Program Memory Self Write Enable bits
  1669                           ;	WRT = OFF, Write protection off
  1670  2008                     	org	8200
  1671  2008  3FFF               	dw	16383

Data Sizes:
    Strings     0
    Constant    0
    Data        16
    BSS         0
    Persistent  0
    Stack       0

Auto Spaces:
    Space          Size  Autos    Used
    COMMON           14     14      14
    BANK0            80      9      25
    BANK1            80      0       0
    BANK3            96      0       0
    BANK2            96      0       0

Pointer List with Targets:

    None.

Critical Paths under _main in COMMON

    _I2C_Master_Init->___lldiv

Critical Paths under _main in BANK0

    _setup->_I2C_Master_Init

Critical Paths under _main in BANK1

    None.

Critical Paths under _main in BANK3

    None.

Critical Paths under _main in BANK2

    None.

Call Graph Tables:

 ---------------------------------------------------------------------------------
 (Depth) Function   	        Calls       Base Space   Used Autos Params    Refs
 ---------------------------------------------------------------------------------
 (0) _main                                                 1     1      0     646
                                              8 BANK0      1     1      0
                    _I2C_Master_Read
                   _I2C_Master_Start
                    _I2C_Master_Stop
                   _I2C_Master_Write
                              _setup
 ---------------------------------------------------------------------------------
 (1) _setup                                                0     0      0     427
                    _I2C_Master_Init
                           _conf_osc
 ---------------------------------------------------------------------------------
 (2) _conf_osc                                             3     3      0      15
                                              0 COMMON     3     3      0
 ---------------------------------------------------------------------------------
 (2) _I2C_Master_Init                                      8     4      4     412
                                              0 BANK0      8     4      4
                            ___lldiv
 ---------------------------------------------------------------------------------
 (3) ___lldiv                                             14     6      8     314
                                              0 COMMON    14     6      8
 ---------------------------------------------------------------------------------
 (1) _I2C_Master_Write                                     2     0      2      98
                                              0 COMMON     2     0      2
                    _I2C_Master_Wait
 ---------------------------------------------------------------------------------
 (1) _I2C_Master_Stop                                      0     0      0       0
                    _I2C_Master_Wait
 ---------------------------------------------------------------------------------
 (1) _I2C_Master_Start                                     0     0      0       0
                    _I2C_Master_Wait
 ---------------------------------------------------------------------------------
 (1) _I2C_Master_Read                                      6     4      2     121
                                              0 COMMON     6     4      2
                    _I2C_Master_Wait
 ---------------------------------------------------------------------------------
 (2) _I2C_Master_Wait                                      0     0      0       0
 ---------------------------------------------------------------------------------
 Estimated maximum stack depth 3
 ---------------------------------------------------------------------------------

 Call Graph Graphs:

 _main (ROOT)
   _I2C_Master_Read
     _I2C_Master_Wait
   _I2C_Master_Start
     _I2C_Master_Wait
   _I2C_Master_Stop
     _I2C_Master_Wait
   _I2C_Master_Write
     _I2C_Master_Wait
   _setup
     _I2C_Master_Init
       ___lldiv
     _conf_osc

 Address spaces:
Name               Size   Autos  Total    Cost      Usage
BANK3               60      0       0       9        0.0%
BITBANK3            60      0       0       8        0.0%
SFR3                 0      0       0       4        0.0%
BITSFR3              0      0       0       4        0.0%
BANK2               60      0       0      11        0.0%
BITBANK2            60      0       0      10        0.0%
SFR2                 0      0       0       5        0.0%
BITSFR2              0      0       0       5        0.0%
BANK1               50      0       0       7        0.0%
BITBANK1            50      0       0       6        0.0%
SFR1                 0      0       0       2        0.0%
BITSFR1              0      0       0       2        0.0%
BANK0               50      9      19       5       31.2%
BITBANK0            50      0       0       4        0.0%
SFR0                 0      0       0       1        0.0%
BITSFR0              0      0       0       1        0.0%
COMMON               E      E       E       1      100.0%
BITCOMMON            E      0       0       0        0.0%
CODE                 0      0       0       0        0.0%
DATA                 0      0      27      12        0.0%
ABS                  0      0      27       3        0.0%
NULL                 0      0       0       0        0.0%
STACK                0      0       0       2        0.0%
EEDATA             100      0       0       0        0.0%


Microchip Technology PIC Macro Assembler V2.31 build 20201012212115 
Symbol Table                                                                                   Sun Aug 08 20:52:44 2021

                        pc 0002                         l11 0786                         l19 0787  
                       u90 0654                         u91 0653                         fsr 0004  
                      l224 069D                        l162 064E                        l180 06C3  
                      l165 065A                        l181 06C6                        l182 06CB  
                      l174 0643                        l159 0732                        l168 063A  
                      l177 064D                        l346 07ED                        l840 0734  
                      l850 074D                        l842 0735                        l852 0754  
                      l844 073A                        l860 0767                        l854 075B  
                      l846 0741                        l880 0654                        l856 0760  
                      l848 0746                        l882 0632                        l884 0637  
                      l878 064E                        l886 063B                        l888 0640  
                      _GIE 005F                        u100 065A                        u101 0659  
                      u300 0712                        u310 06BF                        u230 0798  
                      u311 06BE                        u231 0797                        u305 070D  
                      u250 07AC                        u251 07AB                        u245 079D  
                      u270 07C7                        u271 07C6                        u327 06F4  
                      u265 07AE                        u290 07E5                        u291 07E4  
                      u275 07C3                        u285 07D7                        indf 0000  
             conf_osc@frec 0072                       l1200 0730                       l1210 06A3  
                     l1202 0731                       l1220 06C7                       l1212 06AB  
                     l1204 0644                       l1214 06B4                       l1206 0649  
                     l1230 06CC                       l1216 06B9                       l1208 069E  
                     l1224 067E                       l1240 06F0                       l1232 06D1  
                     l1218 06BF                       l1170 0798                       l1226 068A  
                     l1234 06D6                       l1180 07C7                       l1172 079B  
                     l1228 0697                       l1236 06DF                       l1182 07D5  
                     l1174 07A8                       l1262 076F                       l1238 06EB  
                     l1184 07D6                       l1176 07AC                       l1168 0788  
                     l1192 06FB                       l1186 07DF                       l1178 07B5  
                     l1194 06FF                       l1188 07E5                       l1196 0702  
                     l1198 072F                       _PEIE 005E                       _main 06CC  
                     btemp 007E                       start 0000           ?_I2C_Master_Init 0030  
         ?_I2C_Master_Read 0070           ?_I2C_Master_Wait 0070           ?_I2C_Master_Stop 0070  
                    ?_main 0070                      _ANSEL 0188            __end_of___lldiv 07EE  
                    _PORTA 0005                      _PORTB 0006                      _TRISA 0085  
                    _TRISB 0086                      _SSPIE 0463                      _SSPIF 0063  
                    _tabla 0020                      _setup 067E                      pclath 000A  
                    status 0003                      wtemp0 007E            __initialization 07EE  
             __end_of_main 06FB                     ??_main 0038          ?_I2C_Master_Start 0070  
        ?_I2C_Master_Write 0070         ??_I2C_Master_Start 0070         ??_I2C_Master_Write 0072  
                   ?_setup 0070                     _ANSELH 0189                     _SSPADD 0093  
                   _TRISC3 043B                     _TRISC4 043C                     _SSPCON 0014  
                   _SSPBUF 0013           __end_of_conf_osc 0788                  ??___lldiv 0078  
  __end_of__initialization 07FC             __pcstackCOMMON 0070               __pidataBANK0 065B  
            __end_of_setup 069E             _OPTION_REGbits 0081                    ??_setup 007E  
               __pmaintext 06CC                    _SSPCON2 0091                  ?_conf_osc 0070  
                  _SSPSTAT 0094                    ___lldiv 0788                  _ANSELbits 0188  
                  __ptext1 067E                    __ptext2 0733                    __ptext3 06FB  
                  __ptext4 0788                    __ptext5 0644                    __ptext6 063B  
                  __ptext7 0632                    __ptext8 069E                    __ptext9 064E  
 __size_of_I2C_Master_Init 0038   __size_of_I2C_Master_Read 002E   __size_of_I2C_Master_Wait 000D  
 __size_of_I2C_Master_Stop 0009                 ??_conf_osc 0070       end_of_initialization 07FC  
__size_of_I2C_Master_Start 0009  __size_of_I2C_Master_Write 000A            ___lldiv@divisor 0070  
          ___lldiv@counter 007D           I2C_Master_Init@c 0030           I2C_Master_Read@a 0070  
                _TRISCbits 0087        start_initialization 07EE          ??_I2C_Master_Init 0034  
        ??_I2C_Master_Read 0072          ??_I2C_Master_Wait 0070          ??_I2C_Master_Stop 0070  
               init_fetch0 066B                __pdataBANK0 0020                  ___latbits 0002  
            __pcstackBANK0 0030          __size_of_conf_osc 0055           _I2C_Master_Start 0632  
         _I2C_Master_Write 0644                   ?___lldiv 0070             __size_of_setup 0020  
                 _PIE1bits 008C                   _PIR1bits 000C                 _ADCON0bits 001F  
               _ADCON1bits 009F        I2C_Master_Read@temp 0074           __size_of___lldiv 0066  
               _ANSELHbits 0189            _I2C_Master_Init 06FB            _I2C_Master_Read 069E  
          _I2C_Master_Wait 064E            _I2C_Master_Stop 063B                   _conf_osc 0733  
            __size_of_main 002F   __end_of_I2C_Master_Start 063B   __end_of_I2C_Master_Write 064E  
                 init_ram0 066F           ___lldiv@dividend 0074                 _OSCCONbits 008F  
  __end_of_I2C_Master_Init 0733    __end_of_I2C_Master_Read 06CC    __end_of_I2C_Master_Wait 065B  
  __end_of_I2C_Master_Stop 0644           ___lldiv@quotient 0079          I2C_Master_Write@d 0070  
              _SSPCON2bits 0091  
