

Microchip MPLAB XC8 Assembler V2.31 build 20201012212115 
                                                                                               Mon Jul 19 18:21:15 2021

Microchip MPLAB XC8 C Compiler v2.31 (Free license) build 20201012212115 Og1 
     1                           	processor	16F887
     2                           	pagewidth 120
     3                           	opt	flic
     4                           	psect	idataBANK0,global,class=CODE,delta=2,noexec
     5                           	psect	cinit,global,class=CODE,merge=1,delta=2
     6                           	psect	bssCOMMON,global,class=COMMON,space=1,delta=1,noexec
     7                           	psect	dataBANK0,global,class=BANK0,space=1,delta=1,noexec
     8                           	psect	inittext,global,class=CODE,delta=2
     9                           	psect	cstackCOMMON,global,class=COMMON,space=1,delta=1,noexec
    10                           	psect	cstackBANK0,global,class=BANK0,space=1,delta=1,noexec
    11                           	psect	maintext,global,class=CODE,split=1,delta=2
    12                           	psect	text1,local,class=CODE,merge=1,delta=2
    13                           	psect	text2,local,class=CODE,merge=1,delta=2
    14                           	psect	text3,local,class=CODE,merge=1,delta=2
    15                           	psect	text4,local,class=CODE,merge=1,delta=2
    16                           	psect	text5,local,class=CODE,merge=1,delta=2
    17                           	psect	text6,local,class=CODE,merge=1,delta=2
    18                           	psect	intentry,global,class=CODE,delta=2
    19                           	psect	text7,local,class=CODE,merge=1,delta=2
    20                           	psect	text8,local,class=CODE,merge=1,delta=2
    21                           	psect	config,global,abs,ovrld,class=CONFIG,space=4,delta=2,noexec
    22                           	dabs	1,0x7E,2
    23  0000                     
    24                           ; Version 2.20
    25                           ; Generated 12/02/2020 GMT
    26                           ; 
    27                           ; Copyright © 2020, Microchip Technology Inc. and its subsidiaries ("Microchip")
    28                           ; All rights reserved.
    29                           ; 
    30                           ; This software is developed by Microchip Technology Inc. and its subsidiaries ("Microch
      +                          ip").
    31                           ; 
    32                           ; Redistribution and use in source and binary forms, with or without modification, are
    33                           ; permitted provided that the following conditions are met:
    34                           ; 
    35                           ;     1. Redistributions of source code must retain the above copyright notice, this lis
      +                          t of
    36                           ;        conditions and the following disclaimer.
    37                           ; 
    38                           ;     2. Redistributions in binary form must reproduce the above copyright notice, this 
      +                          list
    39                           ;        of conditions and the following disclaimer in the documentation and/or other
    40                           ;        materials provided with the distribution.
    41                           ; 
    42                           ;     3. Microchip's name may not be used to endorse or promote products derived from th
      +                          is
    43                           ;        software without specific prior written permission.
    44                           ; 
    45                           ; THIS SOFTWARE IS PROVIDED BY MICROCHIP "AS IS" AND ANY EXPRESS OR IMPLIED WARRANTIES,
    46                           ; INCLUDING, BUT NOT LIMITED TO, THE IMPLIED WARRANTIES OF MERCHANTABILITY AND FITNESS F
      +                          OR
    47                           ; PURPOSE ARE DISCLAIMED.  IN NO EVENT SHALL MICROCHIP BE LIABLE FOR ANY DIRECT, INDIREC
      +                          T,
    48                           ; INCIDENTAL, SPECIAL, EXEMPLARY, OR CONSEQUENTIAL DAMAGES (INCLUDING BUT NOT LIMITED TO
    49                           ; PROCUREMENT OF SUBSTITUTE GOODS OR SERVICES; LOSS OF USE, DATA OR PROFITS; OR BUSINESS
    50                           ; INTERRUPTION) HOWSOEVER CAUSED AND ON ANY THEORY OF LIABILITY, WHETHER IN CONTRACT, ST
      +                          RICT
    51                           ; LIABILITY, OR TORT (INCLUDING NEGLIGENCE OR OTHERWISE) ARISING IN ANY WAY OUT OF THE U
      +                          SE OF
    52                           ; THIS SOFTWARE, EVEN IF ADVISED OF THE POSSIBILITY OF SUCH DAMAGE.
    53                           ; 
    54                           ; 
    55                           ; Code-generator required, PIC16F887 Definitions
    56                           ; 
    57                           ; SFR Addresses
    58  0000                     	;# 
    59  0001                     	;# 
    60  0002                     	;# 
    61  0003                     	;# 
    62  0004                     	;# 
    63  0005                     	;# 
    64  0006                     	;# 
    65  0007                     	;# 
    66  0008                     	;# 
    67  0009                     	;# 
    68  000A                     	;# 
    69  000B                     	;# 
    70  000C                     	;# 
    71  000D                     	;# 
    72  000E                     	;# 
    73  000E                     	;# 
    74  000F                     	;# 
    75  0010                     	;# 
    76  0011                     	;# 
    77  0012                     	;# 
    78  0013                     	;# 
    79  0014                     	;# 
    80  0015                     	;# 
    81  0015                     	;# 
    82  0016                     	;# 
    83  0017                     	;# 
    84  0018                     	;# 
    85  0019                     	;# 
    86  001A                     	;# 
    87  001B                     	;# 
    88  001B                     	;# 
    89  001C                     	;# 
    90  001D                     	;# 
    91  001E                     	;# 
    92  001F                     	;# 
    93  0081                     	;# 
    94  0085                     	;# 
    95  0086                     	;# 
    96  0087                     	;# 
    97  0088                     	;# 
    98  0089                     	;# 
    99  008C                     	;# 
   100  008D                     	;# 
   101  008E                     	;# 
   102  008F                     	;# 
   103  0090                     	;# 
   104  0091                     	;# 
   105  0092                     	;# 
   106  0093                     	;# 
   107  0093                     	;# 
   108  0093                     	;# 
   109  0094                     	;# 
   110  0095                     	;# 
   111  0096                     	;# 
   112  0097                     	;# 
   113  0098                     	;# 
   114  0099                     	;# 
   115  009A                     	;# 
   116  009B                     	;# 
   117  009C                     	;# 
   118  009D                     	;# 
   119  009E                     	;# 
   120  009F                     	;# 
   121  0105                     	;# 
   122  0107                     	;# 
   123  0108                     	;# 
   124  0109                     	;# 
   125  010C                     	;# 
   126  010C                     	;# 
   127  010D                     	;# 
   128  010E                     	;# 
   129  010F                     	;# 
   130  0185                     	;# 
   131  0187                     	;# 
   132  0188                     	;# 
   133  0189                     	;# 
   134  018C                     	;# 
   135  018D                     	;# 
   136  0000                     	;# 
   137  0001                     	;# 
   138  0002                     	;# 
   139  0003                     	;# 
   140  0004                     	;# 
   141  0005                     	;# 
   142  0006                     	;# 
   143  0007                     	;# 
   144  0008                     	;# 
   145  0009                     	;# 
   146  000A                     	;# 
   147  000B                     	;# 
   148  000C                     	;# 
   149  000D                     	;# 
   150  000E                     	;# 
   151  000E                     	;# 
   152  000F                     	;# 
   153  0010                     	;# 
   154  0011                     	;# 
   155  0012                     	;# 
   156  0013                     	;# 
   157  0014                     	;# 
   158  0015                     	;# 
   159  0015                     	;# 
   160  0016                     	;# 
   161  0017                     	;# 
   162  0018                     	;# 
   163  0019                     	;# 
   164  001A                     	;# 
   165  001B                     	;# 
   166  001B                     	;# 
   167  001C                     	;# 
   168  001D                     	;# 
   169  001E                     	;# 
   170  001F                     	;# 
   171  0081                     	;# 
   172  0085                     	;# 
   173  0086                     	;# 
   174  0087                     	;# 
   175  0088                     	;# 
   176  0089                     	;# 
   177  008C                     	;# 
   178  008D                     	;# 
   179  008E                     	;# 
   180  008F                     	;# 
   181  0090                     	;# 
   182  0091                     	;# 
   183  0092                     	;# 
   184  0093                     	;# 
   185  0093                     	;# 
   186  0093                     	;# 
   187  0094                     	;# 
   188  0095                     	;# 
   189  0096                     	;# 
   190  0097                     	;# 
   191  0098                     	;# 
   192  0099                     	;# 
   193  009A                     	;# 
   194  009B                     	;# 
   195  009C                     	;# 
   196  009D                     	;# 
   197  009E                     	;# 
   198  009F                     	;# 
   199  0105                     	;# 
   200  0107                     	;# 
   201  0108                     	;# 
   202  0109                     	;# 
   203  010C                     	;# 
   204  010C                     	;# 
   205  010D                     	;# 
   206  010E                     	;# 
   207  010F                     	;# 
   208  0185                     	;# 
   209  0187                     	;# 
   210  0188                     	;# 
   211  0189                     	;# 
   212  018C                     	;# 
   213  018D                     	;# 
   214  0000                     	;# 
   215  0001                     	;# 
   216  0002                     	;# 
   217  0003                     	;# 
   218  0004                     	;# 
   219  0005                     	;# 
   220  0006                     	;# 
   221  0007                     	;# 
   222  0008                     	;# 
   223  0009                     	;# 
   224  000A                     	;# 
   225  000B                     	;# 
   226  000C                     	;# 
   227  000D                     	;# 
   228  000E                     	;# 
   229  000E                     	;# 
   230  000F                     	;# 
   231  0010                     	;# 
   232  0011                     	;# 
   233  0012                     	;# 
   234  0013                     	;# 
   235  0014                     	;# 
   236  0015                     	;# 
   237  0015                     	;# 
   238  0016                     	;# 
   239  0017                     	;# 
   240  0018                     	;# 
   241  0019                     	;# 
   242  001A                     	;# 
   243  001B                     	;# 
   244  001B                     	;# 
   245  001C                     	;# 
   246  001D                     	;# 
   247  001E                     	;# 
   248  001F                     	;# 
   249  0081                     	;# 
   250  0085                     	;# 
   251  0086                     	;# 
   252  0087                     	;# 
   253  0088                     	;# 
   254  0089                     	;# 
   255  008C                     	;# 
   256  008D                     	;# 
   257  008E                     	;# 
   258  008F                     	;# 
   259  0090                     	;# 
   260  0091                     	;# 
   261  0092                     	;# 
   262  0093                     	;# 
   263  0093                     	;# 
   264  0093                     	;# 
   265  0094                     	;# 
   266  0095                     	;# 
   267  0096                     	;# 
   268  0097                     	;# 
   269  0098                     	;# 
   270  0099                     	;# 
   271  009A                     	;# 
   272  009B                     	;# 
   273  009C                     	;# 
   274  009D                     	;# 
   275  009E                     	;# 
   276  009F                     	;# 
   277  0105                     	;# 
   278  0107                     	;# 
   279  0108                     	;# 
   280  0109                     	;# 
   281  010C                     	;# 
   282  010C                     	;# 
   283  010D                     	;# 
   284  010E                     	;# 
   285  010F                     	;# 
   286  0185                     	;# 
   287  0187                     	;# 
   288  0188                     	;# 
   289  0189                     	;# 
   290  018C                     	;# 
   291  018D                     	;# 
   292                           
   293                           	psect	idataBANK0
   294  01FA                     __pidataBANK0:
   295                           
   296                           ;initializer for _tabla
   297  01FA  343F               	retlw	63
   298  01FB  3406               	retlw	6
   299  01FC  345B               	retlw	91
   300  01FD  344F               	retlw	79
   301  01FE  3466               	retlw	102
   302  01FF  346D               	retlw	109
   303  0200  347D               	retlw	125
   304  0201  3407               	retlw	7
   305  0202  347F               	retlw	127
   306  0203  3467               	retlw	103
   307  0204  3477               	retlw	119
   308  0205  347C               	retlw	124
   309  0206  3439               	retlw	57
   310  0207  345E               	retlw	94
   311  0208  3479               	retlw	121
   312  0209  3471               	retlw	113
   313  0007                     _PORTC	set	7
   314  0006                     _PORTB	set	6
   315  0005                     _PORTA	set	5
   316  0007                     _PORTCbits	set	7
   317  0001                     _TMR0	set	1
   318  0005                     _PORTAbits	set	5
   319  000B                     _INTCONbits	set	11
   320  0008                     _PORTD	set	8
   321  0006                     _PORTBbits	set	6
   322  001E                     _ADRESH	set	30
   323  001F                     _ADCON0bits	set	31
   324  000C                     _PIR1bits	set	12
   325  005A                     _T0IF	set	90
   326  0058                     _RBIF	set	88
   327  0081                     _OPTION_REGbits	set	129
   328  008F                     _OSCCONbits	set	143
   329  009F                     _ADCON1bits	set	159
   330  0096                     _IOCBbits	set	150
   331  008C                     _PIE1bits	set	140
   332  0088                     _TRISD	set	136
   333  0087                     _TRISC	set	135
   334  0086                     _TRISB	set	134
   335  0085                     _TRISA	set	133
   336  0189                     _ANSELH	set	393
   337  0188                     _ANSEL	set	392
   338                           
   339                           	psect	cinit
   340  0011                     start_initialization:	
   341                           ; #config settings
   342                           
   343  0011                     __initialization:
   344                           
   345                           ; Initialize objects allocated to BANK0
   346  0011  1383               	bcf	3,7	;select IRP bank0
   347  0012  3030               	movlw	low (__pdataBANK0+16)
   348  0013  00FD               	movwf	btemp+-1
   349  0014  3001               	movlw	high __pidataBANK0
   350  0015  00FE               	movwf	btemp
   351  0016  30FA               	movlw	low __pidataBANK0
   352  0017  00FF               	movwf	btemp+1
   353  0018  3020               	movlw	low __pdataBANK0
   354  0019  0084               	movwf	4
   355  001A  120A  118A  21EB  120A  118A  	fcall	init_ram0
   356                           
   357                           ; Clear objects allocated to COMMON
   358  001F  01F6               	clrf	__pbssCOMMON& (0+127)
   359  0020  01F7               	clrf	(__pbssCOMMON+1)& (0+127)
   360  0021  01F8               	clrf	(__pbssCOMMON+2)& (0+127)
   361  0022  01F9               	clrf	(__pbssCOMMON+3)& (0+127)
   362  0023                     end_of_initialization:	
   363                           ;End of C runtime variable initialization code
   364                           
   365  0023                     __end_of__initialization:
   366  0023  0183               	clrf	3
   367  0024  120A  118A  2980   	ljmp	_main	;jump to C main() function
   368                           
   369                           	psect	bssCOMMON
   370  0076                     __pbssCOMMON:
   371  0076                     _ADC_valor:
   372  0076                     	ds	1
   373  0077                     _upper_nibbles:
   374  0077                     	ds	1
   375  0078                     _down_nibbles:
   376  0078                     	ds	1
   377  0079                     _flags:
   378  0079                     	ds	1
   379                           
   380                           	psect	dataBANK0
   381  0020                     __pdataBANK0:
   382  0020                     _tabla:
   383  0020                     	ds	16
   384                           
   385                           	psect	inittext
   386  01E7                     init_fetch0:	
   387                           ;	Called with low address in FSR and high address in W
   388                           
   389  01E7  087E               	movf	btemp,w
   390  01E8  008A               	movwf	10
   391  01E9  087F               	movf	btemp+1,w
   392  01EA  0082               	movwf	2
   393  01EB                     init_ram0:	
   394                           ;Called with:
   395                           ;	high address of idata address in btemp 
   396                           ;	low address of idata address in btemp+1 
   397                           ;	low address of data in FSR
   398                           ;	high address + 1 of data in btemp-1
   399                           
   400  01EB  120A  118A  21E7  120A  118A  	fcall	init_fetch0
   401  01F0  0080               	movwf	0
   402  01F1  0A84               	incf	4,f
   403  01F2  0804               	movf	4,w
   404  01F3  067D               	xorwf	btemp+-1,w
   405  01F4  1903               	btfsc	3,2
   406  01F5  3400               	retlw	0
   407  01F6  0AFF               	incf	btemp+1,f
   408  01F7  1903               	btfsc	3,2
   409  01F8  0AFE               	incf	btemp,f
   410  01F9  29EB               	goto	init_ram0
   411                           
   412                           	psect	cstackCOMMON
   413  0070                     __pcstackCOMMON:
   414  0070                     ?_ADC_convert:
   415  0070                     ??_ADC_convert:	
   416                           ; 1 bytes @ 0x0
   417                           
   418  0070                     ?_display:	
   419                           ; 1 bytes @ 0x0
   420                           
   421  0070                     ??_display:	
   422                           ; 1 bytes @ 0x0
   423                           
   424  0070                     ?_setup:	
   425                           ; 1 bytes @ 0x0
   426                           
   427  0070                     ?_nibbles:	
   428                           ; 1 bytes @ 0x0
   429                           
   430  0070                     ?_conf_osc:	
   431                           ; 1 bytes @ 0x0
   432                           
   433  0070                     ?_conf_tmr0:	
   434                           ; 1 bytes @ 0x0
   435                           
   436  0070                     ?_conf_ADC:	
   437                           ; 1 bytes @ 0x0
   438                           
   439  0070                     ?_interrupiones:	
   440                           ; 1 bytes @ 0x0
   441                           
   442  0070                     ?_main:	
   443                           ; 1 bytes @ 0x0
   444                           
   445  0070                     display@dato:	
   446                           ; 1 bytes @ 0x0
   447                           
   448                           
   449                           ; 1 bytes @ 0x0
   450  0070                     	ds	1
   451  0071                     ADC_convert@dato:
   452                           
   453                           ; 1 bytes @ 0x1
   454  0071                     	ds	1
   455  0072                     ??_interrupiones:
   456                           
   457                           ; 1 bytes @ 0x2
   458  0072                     	ds	4
   459                           
   460                           	psect	cstackBANK0
   461  0030                     __pcstackBANK0:
   462  0030                     ??_nibbles:
   463  0030                     ??_conf_osc:	
   464                           ; 1 bytes @ 0x0
   465                           
   466  0030                     ??_conf_tmr0:	
   467                           ; 1 bytes @ 0x0
   468                           
   469  0030                     ??_conf_ADC:	
   470                           ; 1 bytes @ 0x0
   471                           
   472                           
   473                           ; 1 bytes @ 0x0
   474  0030                     	ds	2
   475  0032                     conf_osc@frec:
   476  0032                     conf_tmr0@prescaler:	
   477                           ; 1 bytes @ 0x2
   478                           
   479  0032                     conf_ADC@adcFrec:	
   480                           ; 1 bytes @ 0x2
   481                           
   482  0032                     nibbles@dato:	
   483                           ; 1 bytes @ 0x2
   484                           
   485                           
   486                           ; 1 bytes @ 0x2
   487  0032                     	ds	1
   488  0033                     ??_setup:
   489                           
   490                           ; 1 bytes @ 0x3
   491  0033                     	ds	1
   492  0034                     ??_main:
   493                           
   494                           ; 1 bytes @ 0x4
   495  0034                     	ds	1
   496                           
   497                           	psect	maintext
   498  0180                     __pmaintext:	
   499 ;;
   500 ;;Main: autosize = 0, tempsize = 1, incstack = 0, save=0
   501 ;;
   502 ;; *************** function _main *****************
   503 ;; Defined at:
   504 ;;		line 88 in file "Lab01.c"
   505 ;; Parameters:    Size  Location     Type
   506 ;;		None
   507 ;; Auto vars:     Size  Location     Type
   508 ;;		None
   509 ;; Return value:  Size  Location     Type
   510 ;;                  1    wreg      void 
   511 ;; Registers used:
   512 ;;		wreg, fsr0l, fsr0h, status,2, status,0, pclath, cstack
   513 ;; Tracked objects:
   514 ;;		On entry : B00/0
   515 ;;		On exit  : 0/0
   516 ;;		Unchanged: 0/0
   517 ;; Data sizes:     COMMON   BANK0   BANK1   BANK3   BANK2
   518 ;;      Params:         0       0       0       0       0
   519 ;;      Locals:         0       0       0       0       0
   520 ;;      Temps:          0       1       0       0       0
   521 ;;      Totals:         0       1       0       0       0
   522 ;;Total ram usage:        1 bytes
   523 ;; Hardware stack levels required when called:    4
   524 ;; This function calls:
   525 ;;		_nibbles
   526 ;;		_setup
   527 ;; This function is called by:
   528 ;;		Startup code after reset
   529 ;; This function uses a non-reentrant model
   530 ;;
   531                           
   532                           
   533                           ;psect for function _main
   534  0180                     _main:
   535  0180                     l1390:	
   536                           ;incstack = 0
   537                           ; Regs used in _main: [wreg-fsr0h+status,2+status,0+pclath+cstack]
   538                           
   539                           
   540                           ;Lab01.c: 89:     TRISC = 0b00000000;
   541  0180  120A  118A  212C  120A  118A  	fcall	_setup
   542  0185                     l1392:
   543                           
   544                           ;Lab01.c: 90:     TRISD = 0b00000000;
   545  0185  1283               	bcf	3,5	;RP0=0, select bank0
   546  0186  1303               	bcf	3,6	;RP1=0, select bank0
   547  0187  149F               	bsf	31,1	;volatile
   548  0188                     l1394:
   549                           
   550                           ;Lab01.c: 93:     PORTB = 0b00000000;
   551  0188  189F               	btfsc	31,1	;volatile
   552  0189  298B               	goto	u151
   553  018A  298C               	goto	u150
   554  018B                     u151:
   555  018B  2996               	goto	l1400
   556  018C                     u150:
   557  018C                     l1396:
   558                           
   559                           ;Lab01.c: 94:     PORTC = 0b00000000;
   560  018C  300C               	movlw	12
   561  018D  1283               	bcf	3,5	;RP0=0, select bank0
   562  018E  1303               	bcf	3,6	;RP1=0, select bank0
   563  018F  00B4               	movwf	??_main
   564  0190                     u177:
   565  0190  0BB4               	decfsz	??_main,f
   566  0191  2990               	goto	u177
   567  0192  0000               	nop
   568  0193                     l1398:
   569                           
   570                           ;Lab01.c: 95:     PORTD = 0b00000000;
   571  0193  1283               	bcf	3,5	;RP0=0, select bank0
   572  0194  1303               	bcf	3,6	;RP1=0, select bank0
   573  0195  149F               	bsf	31,1	;volatile
   574  0196                     l1400:
   575                           
   576                           ;Lab01.c: 98:     INTCONbits.GIE = 1;
   577  0196  0876               	movf	_ADC_valor,w
   578  0197  120A  118A  21D1  120A  118A  	fcall	_nibbles
   579  019C                     l1402:
   580                           
   581                           ;Lab01.c: 100:     INTCONbits.T0IE = 1;
   582  019C  0876               	movf	_ADC_valor,w
   583  019D  1283               	bcf	3,5	;RP0=0, select bank0
   584  019E  1303               	bcf	3,6	;RP1=0, select bank0
   585  019F  0208               	subwf	8,w	;volatile
   586  01A0  1803               	skipnc
   587  01A1  29A3               	goto	u161
   588  01A2  29A4               	goto	u160
   589  01A3                     u161:
   590  01A3  29A6               	goto	l92
   591  01A4                     u160:
   592  01A4                     l1404:
   593                           
   594                           ;Lab01.c: 101:     INTCONbits.RBIE = 1;
   595  01A4  1407               	bsf	7,0	;volatile
   596                           
   597                           ;Lab01.c: 102:     PIE1bits.ADIE = 1;
   598  01A5  2988               	goto	l1394
   599  01A6                     l92:	
   600                           ;Lab01.c: 104:     INTCONbits.T0IF = 0;
   601                           
   602                           
   603                           ;Lab01.c: 105:     INTCONbits.RBIF = 0;
   604  01A6  1007               	bcf	7,0	;volatile
   605  01A7  2988               	goto	l1394
   606  01A8  120A  118A  280E   	ljmp	start
   607  01AB                     __end_of_main:
   608                           
   609                           	psect	text1
   610  012C                     __ptext1:	
   611 ;; *************** function _setup *****************
   612 ;; Defined at:
   613 ;;		line 114 in file "Lab01.c"
   614 ;; Parameters:    Size  Location     Type
   615 ;;		None
   616 ;; Auto vars:     Size  Location     Type
   617 ;;		None
   618 ;; Return value:  Size  Location     Type
   619 ;;                  1    wreg      void 
   620 ;; Registers used:
   621 ;;		wreg, fsr0l, fsr0h, status,2, status,0, pclath, cstack
   622 ;; Tracked objects:
   623 ;;		On entry : 0/0
   624 ;;		On exit  : 0/0
   625 ;;		Unchanged: 0/0
   626 ;; Data sizes:     COMMON   BANK0   BANK1   BANK3   BANK2
   627 ;;      Params:         0       0       0       0       0
   628 ;;      Locals:         0       0       0       0       0
   629 ;;      Temps:          0       1       0       0       0
   630 ;;      Totals:         0       1       0       0       0
   631 ;;Total ram usage:        1 bytes
   632 ;; Hardware stack levels used:    1
   633 ;; Hardware stack levels required when called:    3
   634 ;; This function calls:
   635 ;;		_conf_ADC
   636 ;;		_conf_osc
   637 ;;		_conf_tmr0
   638 ;; This function is called by:
   639 ;;		_main
   640 ;; This function uses a non-reentrant model
   641 ;;
   642                           
   643                           
   644                           ;psect for function _setup
   645  012C                     _setup:
   646  012C                     l1324:	
   647                           ;incstack = 0
   648                           ; Regs used in _setup: [wreg-fsr0h+status,2+status,0+pclath+cstack]
   649                           
   650                           
   651                           ;Lab01.c: 115: 
   652  012C  3001               	movlw	1
   653  012D  1683               	bsf	3,5	;RP0=1, select bank3
   654  012E  1703               	bsf	3,6	;RP1=1, select bank3
   655  012F  0088               	movwf	8	;volatile
   656  0130                     l1326:
   657                           
   658                           ;Lab01.c: 116:     IOCBbits.IOCB0 = 1;
   659  0130  0189               	clrf	9	;volatile
   660  0131                     l1328:
   661                           
   662                           ;Lab01.c: 118: 
   663  0131  3003               	movlw	3
   664  0132  1683               	bsf	3,5	;RP0=1, select bank1
   665  0133  1303               	bcf	3,6	;RP1=0, select bank1
   666  0134  0085               	movwf	5	;volatile
   667  0135                     l1330:
   668                           
   669                           ;Lab01.c: 119: 
   670  0135  3003               	movlw	3
   671  0136  0086               	movwf	6	;volatile
   672  0137                     l1332:
   673                           
   674                           ;Lab01.c: 120:     ADCON1bits.ADFM = 0;
   675  0137  0187               	clrf	7	;volatile
   676  0138                     l1334:
   677                           
   678                           ;Lab01.c: 121:     conf_ADC(2);
   679  0138  0188               	clrf	8	;volatile
   680  0139                     l1336:
   681                           
   682                           ;Lab01.c: 123:     _delay((unsigned long)((200)*(800000/4000000.0)));
   683  0139  1283               	bcf	3,5	;RP0=0, select bank0
   684  013A  1303               	bcf	3,6	;RP1=0, select bank0
   685  013B  0185               	clrf	5	;volatile
   686  013C                     l1338:
   687                           
   688                           ;Lab01.c: 124:     ADCON0bits.ADON = 1;
   689  013C  0186               	clrf	6	;volatile
   690  013D                     l1340:
   691                           
   692                           ;Lab01.c: 125:     _delay((unsigned long)((200)*(800000/4000000.0)));
   693  013D  0187               	clrf	7	;volatile
   694  013E                     l1342:
   695                           
   696                           ;Lab01.c: 126: 
   697  013E  0188               	clrf	8	;volatile
   698  013F                     l1344:
   699                           
   700                           ;Lab01.c: 129:     PORTD = 0b00000000;
   701  013F  178B               	bsf	11,7	;volatile
   702  0140                     l1346:
   703                           
   704                           ;Lab01.c: 130: 
   705  0140  170B               	bsf	11,6	;volatile
   706  0141                     l1348:
   707                           
   708                           ;Lab01.c: 131: }
   709  0141  168B               	bsf	11,5	;volatile
   710  0142                     l1350:
   711  0142  158B               	bsf	11,3	;volatile
   712  0143                     l1352:
   713  0143  1683               	bsf	3,5	;RP0=1, select bank1
   714  0144  1303               	bcf	3,6	;RP1=0, select bank1
   715  0145  170C               	bsf	12,6	;volatile
   716  0146                     l1354:
   717  0146  110B               	bcf	11,2	;volatile
   718  0147                     l1356:
   719  0147  100B               	bcf	11,0	;volatile
   720  0148                     l1358:
   721  0148  1283               	bcf	3,5	;RP0=0, select bank0
   722  0149  1303               	bcf	3,6	;RP1=0, select bank0
   723  014A  130C               	bcf	12,6	;volatile
   724  014B                     l1360:
   725  014B  3007               	movlw	7
   726  014C  120A  118A  207F  120A  118A  	fcall	_conf_osc
   727  0151                     l1362:
   728  0151  3007               	movlw	7
   729  0152  120A  118A  2027  120A  118A  	fcall	_conf_tmr0
   730  0157                     l1364:
   731  0157  30FF               	movlw	255
   732  0158  1283               	bcf	3,5	;RP0=0, select bank0
   733  0159  1303               	bcf	3,6	;RP1=0, select bank0
   734  015A  0081               	movwf	1	;volatile
   735  015B                     l1366:
   736  015B  1683               	bsf	3,5	;RP0=1, select bank1
   737  015C  1303               	bcf	3,6	;RP1=0, select bank1
   738  015D  1416               	bsf	22,0	;volatile
   739  015E                     l1368:
   740  015E  1496               	bsf	22,1	;volatile
   741  015F                     l1370:
   742  015F  139F               	bcf	31,7	;volatile
   743  0160                     l1372:
   744  0160  3002               	movlw	2
   745  0161  120A  118A  21AB  120A  118A  	fcall	_conf_ADC
   746  0166                     l1374:
   747  0166  30C3               	movlw	-61
   748  0167  1283               	bcf	3,5	;RP0=0, select bank0
   749  0168  1303               	bcf	3,6	;RP1=0, select bank0
   750  0169  059F               	andwf	31,f	;volatile
   751  016A                     l1376:
   752  016A  300C               	movlw	12
   753  016B  1283               	bcf	3,5	;RP0=0, select bank0
   754  016C  1303               	bcf	3,6	;RP1=0, select bank0
   755  016D  00B3               	movwf	??_setup
   756  016E                     u187:
   757  016E  0BB3               	decfsz	??_setup,f
   758  016F  296E               	goto	u187
   759  0170  0000               	nop
   760  0171                     l1378:
   761  0171  1283               	bcf	3,5	;RP0=0, select bank0
   762  0172  1303               	bcf	3,6	;RP1=0, select bank0
   763  0173  141F               	bsf	31,0	;volatile
   764  0174                     l1380:
   765  0174  300C               	movlw	12
   766  0175  1283               	bcf	3,5	;RP0=0, select bank0
   767  0176  1303               	bcf	3,6	;RP1=0, select bank0
   768  0177  00B3               	movwf	??_setup
   769  0178                     u197:
   770  0178  0BB3               	decfsz	??_setup,f
   771  0179  2978               	goto	u197
   772  017A  0000               	nop
   773  017B                     l1382:
   774  017B  01F9               	clrf	_flags
   775  017C                     l1384:
   776  017C  1283               	bcf	3,5	;RP0=0, select bank0
   777  017D  1303               	bcf	3,6	;RP1=0, select bank0
   778  017E  0188               	clrf	8	;volatile
   779  017F                     l99:
   780  017F  0008               	return
   781  0180                     __end_of_setup:
   782                           
   783                           	psect	text2
   784  0027                     __ptext2:	
   785 ;; *************** function _conf_tmr0 *****************
   786 ;; Defined at:
   787 ;;		line 55 in file "configuraciones_pic.c"
   788 ;; Parameters:    Size  Location     Type
   789 ;;  prescaler       1    wreg     unsigned char 
   790 ;; Auto vars:     Size  Location     Type
   791 ;;  prescaler       1    2[BANK0 ] unsigned char 
   792 ;; Return value:  Size  Location     Type
   793 ;;                  1    wreg      void 
   794 ;; Registers used:
   795 ;;		wreg, fsr0l, fsr0h, status,2, status,0
   796 ;; Tracked objects:
   797 ;;		On entry : 0/0
   798 ;;		On exit  : 0/0
   799 ;;		Unchanged: 0/0
   800 ;; Data sizes:     COMMON   BANK0   BANK1   BANK3   BANK2
   801 ;;      Params:         0       0       0       0       0
   802 ;;      Locals:         0       1       0       0       0
   803 ;;      Temps:          0       2       0       0       0
   804 ;;      Totals:         0       3       0       0       0
   805 ;;Total ram usage:        3 bytes
   806 ;; Hardware stack levels used:    1
   807 ;; Hardware stack levels required when called:    2
   808 ;; This function calls:
   809 ;;		Nothing
   810 ;; This function is called by:
   811 ;;		_setup
   812 ;; This function uses a non-reentrant model
   813 ;;
   814                           
   815                           
   816                           ;psect for function _conf_tmr0
   817  0027                     _conf_tmr0:
   818                           
   819                           ;incstack = 0
   820                           ; Regs used in _conf_tmr0: [wreg-fsr0h+status,2+status,0]
   821                           ;conf_tmr0@prescaler stored from wreg
   822  0027  1283               	bcf	3,5	;RP0=0, select bank0
   823  0028  1303               	bcf	3,6	;RP1=0, select bank0
   824  0029  00B2               	movwf	conf_tmr0@prescaler
   825  002A                     l1278:
   826                           
   827                           ;configuraciones_pic.c: 56:     switch(prescaler){
   828  002A  285D               	goto	l1298
   829  002B                     l1280:
   830                           
   831                           ;configuraciones_pic.c: 58:             OPTION_REGbits.PS = 000;
   832  002B  30F8               	movlw	-8
   833  002C  1683               	bsf	3,5	;RP0=1, select bank1
   834  002D  1303               	bcf	3,6	;RP1=0, select bank1
   835  002E  0581               	andwf	1,f	;volatile
   836                           
   837                           ;configuraciones_pic.c: 59:             break;
   838  002F  287C               	goto	l135
   839  0030                     l1282:
   840                           
   841                           ;configuraciones_pic.c: 61:             OPTION_REGbits.PS = 001;
   842  0030  1683               	bsf	3,5	;RP0=1, select bank1
   843  0031  1303               	bcf	3,6	;RP1=0, select bank1
   844  0032  0801               	movf	1,w	;volatile
   845  0033  39F8               	andlw	-8
   846  0034  3801               	iorlw	1
   847  0035  0081               	movwf	1	;volatile
   848                           
   849                           ;configuraciones_pic.c: 62:             break;
   850  0036  287C               	goto	l135
   851  0037                     l1284:
   852                           
   853                           ;configuraciones_pic.c: 64:             OPTION_REGbits.PS = 010;
   854  0037  30F8               	movlw	-8
   855  0038  1683               	bsf	3,5	;RP0=1, select bank1
   856  0039  1303               	bcf	3,6	;RP1=0, select bank1
   857  003A  0581               	andwf	1,f	;volatile
   858                           
   859                           ;configuraciones_pic.c: 65:             break;
   860  003B  287C               	goto	l135
   861  003C                     l1286:
   862                           
   863                           ;configuraciones_pic.c: 67:             OPTION_REGbits.PS = 011;
   864  003C  1683               	bsf	3,5	;RP0=1, select bank1
   865  003D  1303               	bcf	3,6	;RP1=0, select bank1
   866  003E  0801               	movf	1,w	;volatile
   867  003F  39F8               	andlw	-8
   868  0040  3801               	iorlw	1
   869  0041  0081               	movwf	1	;volatile
   870                           
   871                           ;configuraciones_pic.c: 68:             break;
   872  0042  287C               	goto	l135
   873  0043                     l1288:
   874                           
   875                           ;configuraciones_pic.c: 70:             OPTION_REGbits.PS = 100;
   876  0043  1683               	bsf	3,5	;RP0=1, select bank1
   877  0044  1303               	bcf	3,6	;RP1=0, select bank1
   878  0045  0801               	movf	1,w	;volatile
   879  0046  39F8               	andlw	-8
   880  0047  3804               	iorlw	4
   881  0048  0081               	movwf	1	;volatile
   882                           
   883                           ;configuraciones_pic.c: 71:             break;
   884  0049  287C               	goto	l135
   885  004A                     l1290:
   886                           
   887                           ;configuraciones_pic.c: 73:             OPTION_REGbits.PS = 101;
   888  004A  1683               	bsf	3,5	;RP0=1, select bank1
   889  004B  1303               	bcf	3,6	;RP1=0, select bank1
   890  004C  0801               	movf	1,w	;volatile
   891  004D  39F8               	andlw	-8
   892  004E  3805               	iorlw	5
   893  004F  0081               	movwf	1	;volatile
   894                           
   895                           ;configuraciones_pic.c: 74:             break;
   896  0050  287C               	goto	l135
   897  0051                     l1292:
   898                           
   899                           ;configuraciones_pic.c: 76:             OPTION_REGbits.PS = 111;
   900  0051  3007               	movlw	7
   901  0052  1683               	bsf	3,5	;RP0=1, select bank1
   902  0053  1303               	bcf	3,6	;RP1=0, select bank1
   903  0054  0481               	iorwf	1,f	;volatile
   904                           
   905                           ;configuraciones_pic.c: 77:             break;
   906  0055  287C               	goto	l135
   907  0056                     l1294:
   908                           
   909                           ;configuraciones_pic.c: 79:             OPTION_REGbits.PS = 110;
   910  0056  1683               	bsf	3,5	;RP0=1, select bank1
   911  0057  1303               	bcf	3,6	;RP1=0, select bank1
   912  0058  0801               	movf	1,w	;volatile
   913  0059  39F8               	andlw	-8
   914  005A  3806               	iorlw	6
   915  005B  0081               	movwf	1	;volatile
   916                           
   917                           ;configuraciones_pic.c: 80:             break;
   918  005C  287C               	goto	l135
   919  005D                     l1298:
   920  005D  0832               	movf	conf_tmr0@prescaler,w
   921  005E  00B0               	movwf	??_conf_tmr0
   922  005F  01B1               	clrf	??_conf_tmr0+1
   923                           
   924                           ; Switch on 2 bytes has been partitioned into a top level switch of size 1, and 1 sub-sw
      +                          itches
   925                           ; Switch size 1, requested type "simple"
   926                           ; Number of cases is 1, Range of values is 0 to 0
   927                           ; switch strategies available:
   928                           ; Name         Instructions Cycles
   929                           ; simple_byte            4     3 (average)
   930                           ; direct_byte           11     8 (fixed)
   931                           ; jumptable            260     6 (fixed)
   932                           ;	Chosen strategy is simple_byte
   933  0060  0831               	movf	??_conf_tmr0+1,w
   934  0061  3A00               	xorlw	0	; case 0
   935  0062  1903               	skipnz
   936  0063  2865               	goto	l1496
   937  0064  2856               	goto	l1294
   938  0065                     l1496:
   939                           
   940                           ; Switch size 1, requested type "simple"
   941                           ; Number of cases is 7, Range of values is 0 to 7
   942                           ; switch strategies available:
   943                           ; Name         Instructions Cycles
   944                           ; simple_byte           22    12 (average)
   945                           ; direct_byte           32     8 (fixed)
   946                           ; jumptable            260     6 (fixed)
   947                           ;	Chosen strategy is simple_byte
   948  0065  0830               	movf	??_conf_tmr0,w
   949  0066  3A00               	xorlw	0	; case 0
   950  0067  1903               	skipnz
   951  0068  282B               	goto	l1280
   952  0069  3A01               	xorlw	1	; case 1
   953  006A  1903               	skipnz
   954  006B  2830               	goto	l1282
   955  006C  3A03               	xorlw	3	; case 2
   956  006D  1903               	skipnz
   957  006E  2837               	goto	l1284
   958  006F  3A01               	xorlw	1	; case 3
   959  0070  1903               	skipnz
   960  0071  283C               	goto	l1286
   961  0072  3A07               	xorlw	7	; case 4
   962  0073  1903               	skipnz
   963  0074  2843               	goto	l1288
   964  0075  3A01               	xorlw	1	; case 5
   965  0076  1903               	skipnz
   966  0077  284A               	goto	l1290
   967  0078  3A02               	xorlw	2	; case 7
   968  0079  1903               	skipnz
   969  007A  2851               	goto	l1292
   970  007B  2856               	goto	l1294
   971  007C                     l135:
   972                           
   973                           ;configuraciones_pic.c: 82:     OPTION_REGbits.T0CS = 0;
   974  007C  1281               	bcf	1,5	;volatile
   975                           
   976                           ;configuraciones_pic.c: 83:     OPTION_REGbits.PSA = 0;
   977  007D  1181               	bcf	1,3	;volatile
   978  007E                     l143:
   979  007E  0008               	return
   980  007F                     __end_of_conf_tmr0:
   981                           
   982                           	psect	text3
   983  007F                     __ptext3:	
   984 ;; *************** function _conf_osc *****************
   985 ;; Defined at:
   986 ;;		line 25 in file "configuraciones_pic.c"
   987 ;; Parameters:    Size  Location     Type
   988 ;;  frec            1    wreg     unsigned char 
   989 ;; Auto vars:     Size  Location     Type
   990 ;;  frec            1    2[BANK0 ] unsigned char 
   991 ;; Return value:  Size  Location     Type
   992 ;;                  1    wreg      void 
   993 ;; Registers used:
   994 ;;		wreg, fsr0l, fsr0h, status,2, status,0
   995 ;; Tracked objects:
   996 ;;		On entry : 0/0
   997 ;;		On exit  : 0/0
   998 ;;		Unchanged: 0/0
   999 ;; Data sizes:     COMMON   BANK0   BANK1   BANK3   BANK2
  1000 ;;      Params:         0       0       0       0       0
  1001 ;;      Locals:         0       1       0       0       0
  1002 ;;      Temps:          0       2       0       0       0
  1003 ;;      Totals:         0       3       0       0       0
  1004 ;;Total ram usage:        3 bytes
  1005 ;; Hardware stack levels used:    1
  1006 ;; Hardware stack levels required when called:    2
  1007 ;; This function calls:
  1008 ;;		Nothing
  1009 ;; This function is called by:
  1010 ;;		_setup
  1011 ;; This function uses a non-reentrant model
  1012 ;;
  1013                           
  1014                           
  1015                           ;psect for function _conf_osc
  1016  007F                     _conf_osc:
  1017                           
  1018                           ;incstack = 0
  1019                           ; Regs used in _conf_osc: [wreg-fsr0h+status,2+status,0]
  1020                           ;conf_osc@frec stored from wreg
  1021  007F  1283               	bcf	3,5	;RP0=0, select bank0
  1022  0080  1303               	bcf	3,6	;RP1=0, select bank0
  1023  0081  00B2               	movwf	conf_osc@frec
  1024  0082                     l1250:
  1025                           
  1026                           ;configuraciones_pic.c: 26:     switch(frec){
  1027  0082  28B5               	goto	l1270
  1028  0083                     l1252:
  1029                           
  1030                           ;configuraciones_pic.c: 28:             OSCCONbits.IRCF = 000;
  1031  0083  308F               	movlw	-113
  1032  0084  1683               	bsf	3,5	;RP0=1, select bank1
  1033  0085  1303               	bcf	3,6	;RP1=0, select bank1
  1034  0086  058F               	andwf	15,f	;volatile
  1035                           
  1036                           ;configuraciones_pic.c: 29:             break;
  1037  0087  28D4               	goto	l122
  1038  0088                     l1254:
  1039                           
  1040                           ;configuraciones_pic.c: 31:             OSCCONbits.IRCF = 001;
  1041  0088  1683               	bsf	3,5	;RP0=1, select bank1
  1042  0089  1303               	bcf	3,6	;RP1=0, select bank1
  1043  008A  080F               	movf	15,w	;volatile
  1044  008B  398F               	andlw	-113
  1045  008C  3810               	iorlw	16
  1046  008D  008F               	movwf	15	;volatile
  1047                           
  1048                           ;configuraciones_pic.c: 32:             break;
  1049  008E  28D4               	goto	l122
  1050  008F                     l1256:
  1051                           
  1052                           ;configuraciones_pic.c: 34:             OSCCONbits.IRCF = 010;
  1053  008F  308F               	movlw	-113
  1054  0090  1683               	bsf	3,5	;RP0=1, select bank1
  1055  0091  1303               	bcf	3,6	;RP1=0, select bank1
  1056  0092  058F               	andwf	15,f	;volatile
  1057                           
  1058                           ;configuraciones_pic.c: 35:             break;
  1059  0093  28D4               	goto	l122
  1060  0094                     l1258:
  1061                           
  1062                           ;configuraciones_pic.c: 37:             OSCCONbits.IRCF = 011;
  1063  0094  1683               	bsf	3,5	;RP0=1, select bank1
  1064  0095  1303               	bcf	3,6	;RP1=0, select bank1
  1065  0096  080F               	movf	15,w	;volatile
  1066  0097  398F               	andlw	-113
  1067  0098  3810               	iorlw	16
  1068  0099  008F               	movwf	15	;volatile
  1069                           
  1070                           ;configuraciones_pic.c: 38:             break;
  1071  009A  28D4               	goto	l122
  1072  009B                     l1260:
  1073                           
  1074                           ;configuraciones_pic.c: 40:             OSCCONbits.IRCF = 100;
  1075  009B  1683               	bsf	3,5	;RP0=1, select bank1
  1076  009C  1303               	bcf	3,6	;RP1=0, select bank1
  1077  009D  080F               	movf	15,w	;volatile
  1078  009E  398F               	andlw	-113
  1079  009F  3840               	iorlw	64
  1080  00A0  008F               	movwf	15	;volatile
  1081                           
  1082                           ;configuraciones_pic.c: 41:             break;
  1083  00A1  28D4               	goto	l122
  1084  00A2                     l1262:
  1085                           
  1086                           ;configuraciones_pic.c: 43:             OSCCONbits.IRCF = 101;
  1087  00A2  1683               	bsf	3,5	;RP0=1, select bank1
  1088  00A3  1303               	bcf	3,6	;RP1=0, select bank1
  1089  00A4  080F               	movf	15,w	;volatile
  1090  00A5  398F               	andlw	-113
  1091  00A6  3850               	iorlw	80
  1092  00A7  008F               	movwf	15	;volatile
  1093                           
  1094                           ;configuraciones_pic.c: 44:             break;
  1095  00A8  28D4               	goto	l122
  1096  00A9                     l1264:
  1097                           
  1098                           ;configuraciones_pic.c: 46:             OSCCONbits.IRCF = 111;
  1099  00A9  3070               	movlw	112
  1100  00AA  1683               	bsf	3,5	;RP0=1, select bank1
  1101  00AB  1303               	bcf	3,6	;RP1=0, select bank1
  1102  00AC  048F               	iorwf	15,f	;volatile
  1103                           
  1104                           ;configuraciones_pic.c: 47:             break;
  1105  00AD  28D4               	goto	l122
  1106  00AE                     l1266:
  1107                           
  1108                           ;configuraciones_pic.c: 49:             OSCCONbits.IRCF = 110;
  1109  00AE  1683               	bsf	3,5	;RP0=1, select bank1
  1110  00AF  1303               	bcf	3,6	;RP1=0, select bank1
  1111  00B0  080F               	movf	15,w	;volatile
  1112  00B1  398F               	andlw	-113
  1113  00B2  3860               	iorlw	96
  1114  00B3  008F               	movwf	15	;volatile
  1115                           
  1116                           ;configuraciones_pic.c: 50:             break;
  1117  00B4  28D4               	goto	l122
  1118  00B5                     l1270:
  1119  00B5  0832               	movf	conf_osc@frec,w
  1120  00B6  00B0               	movwf	??_conf_osc
  1121  00B7  01B1               	clrf	??_conf_osc+1
  1122                           
  1123                           ; Switch on 2 bytes has been partitioned into a top level switch of size 1, and 1 sub-sw
      +                          itches
  1124                           ; Switch size 1, requested type "simple"
  1125                           ; Number of cases is 1, Range of values is 0 to 0
  1126                           ; switch strategies available:
  1127                           ; Name         Instructions Cycles
  1128                           ; simple_byte            4     3 (average)
  1129                           ; direct_byte           11     8 (fixed)
  1130                           ; jumptable            260     6 (fixed)
  1131                           ;	Chosen strategy is simple_byte
  1132  00B8  0831               	movf	??_conf_osc+1,w
  1133  00B9  3A00               	xorlw	0	; case 0
  1134  00BA  1903               	skipnz
  1135  00BB  28BD               	goto	l1498
  1136  00BC  28AE               	goto	l1266
  1137  00BD                     l1498:
  1138                           
  1139                           ; Switch size 1, requested type "simple"
  1140                           ; Number of cases is 7, Range of values is 0 to 7
  1141                           ; switch strategies available:
  1142                           ; Name         Instructions Cycles
  1143                           ; simple_byte           22    12 (average)
  1144                           ; direct_byte           32     8 (fixed)
  1145                           ; jumptable            260     6 (fixed)
  1146                           ;	Chosen strategy is simple_byte
  1147  00BD  0830               	movf	??_conf_osc,w
  1148  00BE  3A00               	xorlw	0	; case 0
  1149  00BF  1903               	skipnz
  1150  00C0  2883               	goto	l1252
  1151  00C1  3A01               	xorlw	1	; case 1
  1152  00C2  1903               	skipnz
  1153  00C3  2888               	goto	l1254
  1154  00C4  3A03               	xorlw	3	; case 2
  1155  00C5  1903               	skipnz
  1156  00C6  288F               	goto	l1256
  1157  00C7  3A01               	xorlw	1	; case 3
  1158  00C8  1903               	skipnz
  1159  00C9  2894               	goto	l1258
  1160  00CA  3A07               	xorlw	7	; case 4
  1161  00CB  1903               	skipnz
  1162  00CC  289B               	goto	l1260
  1163  00CD  3A01               	xorlw	1	; case 5
  1164  00CE  1903               	skipnz
  1165  00CF  28A2               	goto	l1262
  1166  00D0  3A02               	xorlw	2	; case 7
  1167  00D1  1903               	skipnz
  1168  00D2  28A9               	goto	l1264
  1169  00D3  28AE               	goto	l1266
  1170  00D4                     l122:
  1171                           
  1172                           ;configuraciones_pic.c: 52:     OSCCONbits.SCS = 1;
  1173  00D4  140F               	bsf	15,0	;volatile
  1174  00D5                     l130:
  1175  00D5  0008               	return
  1176  00D6                     __end_of_conf_osc:
  1177                           
  1178                           	psect	text4
  1179  01AB                     __ptext4:	
  1180 ;; *************** function _conf_ADC *****************
  1181 ;; Defined at:
  1182 ;;		line 86 in file "configuraciones_pic.c"
  1183 ;; Parameters:    Size  Location     Type
  1184 ;;  adcFrec         1    wreg     unsigned char 
  1185 ;; Auto vars:     Size  Location     Type
  1186 ;;  adcFrec         1    2[BANK0 ] unsigned char 
  1187 ;; Return value:  Size  Location     Type
  1188 ;;                  1    wreg      void 
  1189 ;; Registers used:
  1190 ;;		wreg, fsr0l, fsr0h, status,2, status,0
  1191 ;; Tracked objects:
  1192 ;;		On entry : 0/0
  1193 ;;		On exit  : 0/0
  1194 ;;		Unchanged: 0/0
  1195 ;; Data sizes:     COMMON   BANK0   BANK1   BANK3   BANK2
  1196 ;;      Params:         0       0       0       0       0
  1197 ;;      Locals:         0       1       0       0       0
  1198 ;;      Temps:          0       2       0       0       0
  1199 ;;      Totals:         0       3       0       0       0
  1200 ;;Total ram usage:        3 bytes
  1201 ;; Hardware stack levels used:    1
  1202 ;; Hardware stack levels required when called:    2
  1203 ;; This function calls:
  1204 ;;		Nothing
  1205 ;; This function is called by:
  1206 ;;		_setup
  1207 ;; This function uses a non-reentrant model
  1208 ;;
  1209                           
  1210                           
  1211                           ;psect for function _conf_ADC
  1212  01AB                     _conf_ADC:
  1213                           
  1214                           ;incstack = 0
  1215                           ; Regs used in _conf_ADC: [wreg-fsr0h+status,2+status,0]
  1216                           ;conf_ADC@adcFrec stored from wreg
  1217  01AB  1283               	bcf	3,5	;RP0=0, select bank0
  1218  01AC  1303               	bcf	3,6	;RP1=0, select bank0
  1219  01AD  00B2               	movwf	conf_ADC@adcFrec
  1220  01AE                     l1306:
  1221                           
  1222                           ;configuraciones_pic.c: 87:     switch(adcFrec){
  1223  01AE  29BC               	goto	l1316
  1224  01AF                     l1308:
  1225                           
  1226                           ;configuraciones_pic.c: 89:             ADCON0bits.ADCS = 00;
  1227  01AF  303F               	movlw	-193
  1228  01B0  059F               	andwf	31,f	;volatile
  1229                           
  1230                           ;configuraciones_pic.c: 90:             break;
  1231  01B1  29CC               	goto	l148
  1232  01B2                     l1310:
  1233                           
  1234                           ;configuraciones_pic.c: 92:             ADCON0bits.ADCS = 01;
  1235  01B2  081F               	movf	31,w	;volatile
  1236  01B3  393F               	andlw	-193
  1237  01B4  3840               	iorlw	64
  1238  01B5  009F               	movwf	31	;volatile
  1239                           
  1240                           ;configuraciones_pic.c: 93:             break;
  1241  01B6  29CC               	goto	l148
  1242  01B7                     l1312:
  1243                           
  1244                           ;configuraciones_pic.c: 95:             ADCON0bits.ADCS = 10;
  1245  01B7  081F               	movf	31,w	;volatile
  1246  01B8  393F               	andlw	-193
  1247  01B9  3880               	iorlw	128
  1248  01BA  009F               	movwf	31	;volatile
  1249                           
  1250                           ;configuraciones_pic.c: 96:             break;
  1251  01BB  29CC               	goto	l148
  1252  01BC                     l1316:
  1253  01BC  0832               	movf	conf_ADC@adcFrec,w
  1254  01BD  00B0               	movwf	??_conf_ADC
  1255  01BE  01B1               	clrf	??_conf_ADC+1
  1256                           
  1257                           ; Switch on 2 bytes has been partitioned into a top level switch of size 1, and 1 sub-sw
      +                          itches
  1258                           ; Switch size 1, requested type "simple"
  1259                           ; Number of cases is 1, Range of values is 0 to 0
  1260                           ; switch strategies available:
  1261                           ; Name         Instructions Cycles
  1262                           ; simple_byte            4     3 (average)
  1263                           ; direct_byte           11     8 (fixed)
  1264                           ; jumptable            260     6 (fixed)
  1265                           ;	Chosen strategy is simple_byte
  1266  01BF  0831               	movf	??_conf_ADC+1,w
  1267  01C0  3A00               	xorlw	0	; case 0
  1268  01C1  1903               	skipnz
  1269  01C2  29C4               	goto	l1500
  1270  01C3  29B7               	goto	l1312
  1271  01C4                     l1500:
  1272                           
  1273                           ; Switch size 1, requested type "simple"
  1274                           ; Number of cases is 2, Range of values is 0 to 1
  1275                           ; switch strategies available:
  1276                           ; Name         Instructions Cycles
  1277                           ; simple_byte            7     4 (average)
  1278                           ; direct_byte           14     8 (fixed)
  1279                           ; jumptable            260     6 (fixed)
  1280                           ;	Chosen strategy is simple_byte
  1281  01C4  0830               	movf	??_conf_ADC,w
  1282  01C5  3A00               	xorlw	0	; case 0
  1283  01C6  1903               	skipnz
  1284  01C7  29AF               	goto	l1308
  1285  01C8  3A01               	xorlw	1	; case 1
  1286  01C9  1903               	skipnz
  1287  01CA  29B2               	goto	l1310
  1288  01CB  29B7               	goto	l1312
  1289  01CC                     l148:
  1290                           
  1291                           ;configuraciones_pic.c: 99:     ADCON1bits.VCFG0 = 0;
  1292  01CC  1683               	bsf	3,5	;RP0=1, select bank1
  1293  01CD  1303               	bcf	3,6	;RP1=0, select bank1
  1294  01CE  121F               	bcf	31,4	;volatile
  1295                           
  1296                           ;configuraciones_pic.c: 100:     ADCON1bits.VCFG1 = 0;
  1297  01CF  129F               	bcf	31,5	;volatile
  1298  01D0                     l151:
  1299  01D0  0008               	return
  1300  01D1                     __end_of_conf_ADC:
  1301                           
  1302                           	psect	text5
  1303  01D1                     __ptext5:	
  1304 ;; *************** function _nibbles *****************
  1305 ;; Defined at:
  1306 ;;		line 111 in file "configuraciones_pic.c"
  1307 ;; Parameters:    Size  Location     Type
  1308 ;;  dato            1    wreg     unsigned char 
  1309 ;; Auto vars:     Size  Location     Type
  1310 ;;  dato            1    2[BANK0 ] unsigned char 
  1311 ;; Return value:  Size  Location     Type
  1312 ;;                  1    wreg      void 
  1313 ;; Registers used:
  1314 ;;		wreg, status,2, status,0
  1315 ;; Tracked objects:
  1316 ;;		On entry : 0/0
  1317 ;;		On exit  : 0/0
  1318 ;;		Unchanged: 0/0
  1319 ;; Data sizes:     COMMON   BANK0   BANK1   BANK3   BANK2
  1320 ;;      Params:         0       0       0       0       0
  1321 ;;      Locals:         0       1       0       0       0
  1322 ;;      Temps:          0       2       0       0       0
  1323 ;;      Totals:         0       3       0       0       0
  1324 ;;Total ram usage:        3 bytes
  1325 ;; Hardware stack levels used:    1
  1326 ;; Hardware stack levels required when called:    2
  1327 ;; This function calls:
  1328 ;;		Nothing
  1329 ;; This function is called by:
  1330 ;;		_main
  1331 ;; This function uses a non-reentrant model
  1332 ;;
  1333                           
  1334                           
  1335                           ;psect for function _nibbles
  1336  01D1                     _nibbles:
  1337                           
  1338                           ;incstack = 0
  1339                           ; Regs used in _nibbles: [wreg+status,2+status,0]
  1340                           ;nibbles@dato stored from wreg
  1341  01D1  1283               	bcf	3,5	;RP0=0, select bank0
  1342  01D2  1303               	bcf	3,6	;RP1=0, select bank0
  1343  01D3  00B2               	movwf	nibbles@dato
  1344  01D4                     l1386:
  1345                           
  1346                           ;configuraciones_pic.c: 112:     down_nibbles = dato&0x0F;
  1347  01D4  0832               	movf	nibbles@dato,w
  1348  01D5  390F               	andlw	15
  1349  01D6  00B0               	movwf	??_nibbles
  1350  01D7  0830               	movf	??_nibbles,w
  1351  01D8  00F8               	movwf	_down_nibbles
  1352  01D9                     l1388:
  1353                           
  1354                           ;configuraciones_pic.c: 113:     upper_nibbles = (dato>>4)&0x0F;
  1355  01D9  0832               	movf	nibbles@dato,w
  1356  01DA  00B0               	movwf	??_nibbles
  1357  01DB  3004               	movlw	4
  1358  01DC                     u145:
  1359  01DC  1003               	clrc
  1360  01DD  0CB0               	rrf	??_nibbles,f
  1361  01DE  3EFF               	addlw	-1
  1362  01DF  1D03               	skipz
  1363  01E0  29DC               	goto	u145
  1364  01E1  0830               	movf	??_nibbles,w
  1365  01E2  390F               	andlw	15
  1366  01E3  00B1               	movwf	??_nibbles+1
  1367  01E4  0831               	movf	??_nibbles+1,w
  1368  01E5  00F7               	movwf	_upper_nibbles
  1369  01E6                     l160:
  1370  01E6  0008               	return
  1371  01E7                     __end_of_nibbles:
  1372                           
  1373                           	psect	text6
  1374  00D6                     __ptext6:	
  1375 ;; *************** function _interrupiones *****************
  1376 ;; Defined at:
  1377 ;;		line 44 in file "Lab01.c"
  1378 ;; Parameters:    Size  Location     Type
  1379 ;;		None
  1380 ;; Auto vars:     Size  Location     Type
  1381 ;;		None
  1382 ;; Return value:  Size  Location     Type
  1383 ;;                  1    wreg      void 
  1384 ;; Registers used:
  1385 ;;		wreg, fsr0l, fsr0h, status,2, status,0, pclath, cstack
  1386 ;; Tracked objects:
  1387 ;;		On entry : 0/0
  1388 ;;		On exit  : 0/0
  1389 ;;		Unchanged: 0/0
  1390 ;; Data sizes:     COMMON   BANK0   BANK1   BANK3   BANK2
  1391 ;;      Params:         0       0       0       0       0
  1392 ;;      Locals:         0       0       0       0       0
  1393 ;;      Temps:          4       0       0       0       0
  1394 ;;      Totals:         4       0       0       0       0
  1395 ;;Total ram usage:        4 bytes
  1396 ;; Hardware stack levels used:    1
  1397 ;; Hardware stack levels required when called:    1
  1398 ;; This function calls:
  1399 ;;		_ADC_convert
  1400 ;;		_display
  1401 ;; This function is called by:
  1402 ;;		Interrupt level 1
  1403 ;; This function uses a non-reentrant model
  1404 ;;
  1405                           
  1406                           
  1407                           ;psect for function _interrupiones
  1408  00D6                     _interrupiones:
  1409  00D6                     i1l890:
  1410                           
  1411                           ;Lab01.c: 46: 
  1412  00D6  1283               	bcf	3,5	;RP0=0, select bank0
  1413  00D7  1303               	bcf	3,6	;RP1=0, select bank0
  1414  00D8  1F0C               	btfss	12,6	;volatile
  1415  00D9  28DB               	goto	u2_21
  1416  00DA  28DC               	goto	u2_20
  1417  00DB                     u2_21:
  1418  00DB  28EE               	goto	i1l898
  1419  00DC                     u2_20:
  1420  00DC                     i1l892:
  1421                           
  1422                           ;Lab01.c: 47:         else {
  1423  00DC  0C1F               	rrf	31,w	;volatile
  1424  00DD  00F2               	movwf	??_interrupiones
  1425  00DE  0C72               	rrf	??_interrupiones,w
  1426  00DF  390F               	andlw	15
  1427  00E0  3A00               	xorlw	0
  1428  00E1  1D03               	skipz
  1429  00E2  28E4               	goto	u3_21
  1430  00E3  28E5               	goto	u3_20
  1431  00E4                     u3_21:
  1432  00E4  28EB               	goto	i1l896
  1433  00E5                     u3_20:
  1434  00E5                     i1l894:
  1435                           
  1436                           ;Lab01.c: 48:            PORTBbits.RB3 = 0;
  1437  00E5  081E               	movf	30,w	;volatile
  1438  00E6  120A  118A  2214  120A  118A  	fcall	_ADC_convert
  1439  00EB                     i1l896:
  1440                           
  1441                           ;Lab01.c: 50:            display(upper_nibbles);
  1442  00EB  1283               	bcf	3,5	;RP0=0, select bank0
  1443  00EC  1303               	bcf	3,6	;RP1=0, select bank0
  1444  00ED  130C               	bcf	12,6	;volatile
  1445  00EE                     i1l898:
  1446                           
  1447                           ;Lab01.c: 53:     }
  1448  00EE  1C0B               	btfss	11,0	;volatile
  1449  00EF  28F1               	goto	u4_21
  1450  00F0  28F2               	goto	u4_20
  1451  00F1                     u4_21:
  1452  00F1  2901               	goto	i1l910
  1453  00F2                     u4_20:
  1454  00F2                     i1l900:
  1455                           
  1456                           ;Lab01.c: 54: }
  1457  00F2  1C06               	btfss	6,0	;volatile
  1458  00F3  28F5               	goto	u5_21
  1459  00F4  28F6               	goto	u5_20
  1460  00F5                     u5_21:
  1461  00F5  28FA               	goto	i1l904
  1462  00F6                     u5_20:
  1463  00F6                     i1l902:
  1464                           
  1465                           ;Lab01.c: 55: 
  1466  00F6  3001               	movlw	1
  1467  00F7  00F2               	movwf	??_interrupiones
  1468  00F8  0872               	movf	??_interrupiones,w
  1469  00F9  0788               	addwf	8,f	;volatile
  1470  00FA                     i1l904:
  1471                           
  1472                           ;Lab01.c: 57: void main(void){
  1473  00FA  1C86               	btfss	6,1	;volatile
  1474  00FB  28FD               	goto	u6_21
  1475  00FC  28FE               	goto	u6_20
  1476  00FD                     u6_21:
  1477  00FD  2900               	goto	i1l908
  1478  00FE                     u6_20:
  1479  00FE                     i1l906:
  1480                           
  1481                           ;Lab01.c: 58:     setup();
  1482  00FE  3001               	movlw	1
  1483  00FF  0288               	subwf	8,f	;volatile
  1484  0100                     i1l908:
  1485                           
  1486                           ;Lab01.c: 60: 
  1487  0100  100B               	bcf	11,0	;volatile
  1488  0101                     i1l910:
  1489                           
  1490                           ;Lab01.c: 63:             _delay((unsigned long)((200)*(800000/4000000.0)));
  1491  0101  1D0B               	btfss	11,2	;volatile
  1492  0102  2904               	goto	u7_21
  1493  0103  2905               	goto	u7_20
  1494  0104                     u7_21:
  1495  0104  2923               	goto	i1l85
  1496  0105                     u7_20:
  1497  0105                     i1l912:
  1498                           
  1499                           ;Lab01.c: 65:         }
  1500  0105  1085               	bcf	5,1	;volatile
  1501                           
  1502                           ;Lab01.c: 66: 
  1503  0106  1106               	bcf	6,2	;volatile
  1504                           
  1505                           ;Lab01.c: 68: 
  1506  0107  110B               	bcf	11,2	;volatile
  1507  0108                     i1l914:
  1508                           
  1509                           ;Lab01.c: 69:         if (ADC_valor > PORTD) {
  1510  0108  30FF               	movlw	255
  1511  0109  0081               	movwf	1	;volatile
  1512  010A                     i1l916:
  1513                           
  1514                           ;Lab01.c: 71:         }
  1515  010A  0379               	decf	_flags,w
  1516  010B  1D03               	btfss	3,2
  1517  010C  290E               	goto	u8_21
  1518  010D  290F               	goto	u8_20
  1519  010E                     u8_21:
  1520  010E  2919               	goto	i1l83
  1521  010F                     u8_20:
  1522  010F                     i1l918:
  1523                           
  1524                           ;Lab01.c: 72: 
  1525  010F  1106               	bcf	6,2	;volatile
  1526                           
  1527                           ;Lab01.c: 73:         else {
  1528  0110  1586               	bsf	6,3	;volatile
  1529  0111                     i1l920:
  1530                           
  1531                           ;Lab01.c: 74:             PORTCbits.RC0 = 0;
  1532  0111  0878               	movf	_down_nibbles,w
  1533  0112  120A  118A  220A  120A  118A  	fcall	_display
  1534  0117                     i1l922:
  1535                           
  1536                           ;Lab01.c: 75:         }
  1537  0117  01F9               	clrf	_flags
  1538                           
  1539                           ;Lab01.c: 76: 
  1540  0118  2923               	goto	i1l85
  1541  0119                     i1l83:	
  1542                           ;Lab01.c: 78:     }
  1543                           
  1544                           
  1545                           ;Lab01.c: 79:     return;
  1546  0119  1186               	bcf	6,3	;volatile
  1547                           
  1548                           ;Lab01.c: 80: }
  1549  011A  1506               	bsf	6,2	;volatile
  1550  011B                     i1l924:
  1551                           
  1552                           ;Lab01.c: 81: 
  1553  011B  0877               	movf	_upper_nibbles,w
  1554  011C  120A  118A  220A  120A  118A  	fcall	_display
  1555  0121                     i1l926:
  1556                           
  1557                           ;Lab01.c: 82: 
  1558  0121  01F9               	clrf	_flags
  1559  0122  0AF9               	incf	_flags,f
  1560  0123                     i1l85:
  1561  0123  0875               	movf	??_interrupiones+3,w
  1562  0124  008A               	movwf	10
  1563  0125  0874               	movf	??_interrupiones+2,w
  1564  0126  0084               	movwf	4
  1565  0127  0E73               	swapf	??_interrupiones+1,w
  1566  0128  0083               	movwf	3
  1567  0129  0EFE               	swapf	btemp,f
  1568  012A  0E7E               	swapf	btemp,w
  1569  012B  0009               	retfie
  1570  012C                     __end_of_interrupiones:
  1571                           
  1572                           	psect	intentry
  1573  0004                     __pintentry:	
  1574                           ;incstack = 0
  1575                           ; Regs used in _interrupiones: [wreg-fsr0h+status,2+status,0+pclath+cstack]
  1576                           
  1577  0004                     interrupt_function:
  1578  007E                     saved_w	set	btemp
  1579  0004  00FE               	movwf	btemp
  1580  0005  0E03               	swapf	3,w
  1581  0006  00F3               	movwf	??_interrupiones+1
  1582  0007  0804               	movf	4,w
  1583  0008  00F4               	movwf	??_interrupiones+2
  1584  0009  080A               	movf	10,w
  1585  000A  00F5               	movwf	??_interrupiones+3
  1586  000B  120A  118A  28D6   	ljmp	_interrupiones
  1587                           
  1588                           	psect	text7
  1589  020A                     __ptext7:	
  1590 ;; *************** function _display *****************
  1591 ;; Defined at:
  1592 ;;		line 103 in file "configuraciones_pic.c"
  1593 ;; Parameters:    Size  Location     Type
  1594 ;;  dato            1    wreg     unsigned char 
  1595 ;; Auto vars:     Size  Location     Type
  1596 ;;  dato            1    0[COMMON] unsigned char 
  1597 ;; Return value:  Size  Location     Type
  1598 ;;                  1    wreg      void 
  1599 ;; Registers used:
  1600 ;;		wreg, fsr0l, fsr0h, status,2, status,0
  1601 ;; Tracked objects:
  1602 ;;		On entry : 0/0
  1603 ;;		On exit  : 0/0
  1604 ;;		Unchanged: 0/0
  1605 ;; Data sizes:     COMMON   BANK0   BANK1   BANK3   BANK2
  1606 ;;      Params:         0       0       0       0       0
  1607 ;;      Locals:         1       0       0       0       0
  1608 ;;      Temps:          0       0       0       0       0
  1609 ;;      Totals:         1       0       0       0       0
  1610 ;;Total ram usage:        1 bytes
  1611 ;; Hardware stack levels used:    1
  1612 ;; This function calls:
  1613 ;;		Nothing
  1614 ;; This function is called by:
  1615 ;;		_interrupiones
  1616 ;; This function uses a non-reentrant model
  1617 ;;
  1618                           
  1619                           
  1620                           ;psect for function _display
  1621  020A                     _display:
  1622                           
  1623                           ;incstack = 0
  1624                           ; Regs used in _display: [wreg-fsr0h+status,2+status,0]
  1625                           ;display@dato stored from wreg
  1626  020A  00F0               	movwf	display@dato
  1627  020B                     i1l822:
  1628                           
  1629                           ;configuraciones_pic.c: 104:     PORTC = tabla[dato];
  1630  020B  0870               	movf	display@dato,w
  1631  020C  3E20               	addlw	(low (_tabla| 0))& (0+255)
  1632  020D  0084               	movwf	4
  1633  020E  1383               	bcf	3,7	;select IRP bank0
  1634  020F  0800               	movf	0,w
  1635  0210  1283               	bcf	3,5	;RP0=0, select bank0
  1636  0211  1303               	bcf	3,6	;RP1=0, select bank0
  1637  0212  0087               	movwf	7	;volatile
  1638  0213                     i1l154:
  1639  0213  0008               	return
  1640  0214                     __end_of_display:
  1641                           
  1642                           	psect	text8
  1643  0214                     __ptext8:	
  1644 ;; *************** function _ADC_convert *****************
  1645 ;; Defined at:
  1646 ;;		line 107 in file "configuraciones_pic.c"
  1647 ;; Parameters:    Size  Location     Type
  1648 ;;  dato            1    wreg     unsigned char 
  1649 ;; Auto vars:     Size  Location     Type
  1650 ;;  dato            1    1[COMMON] unsigned char 
  1651 ;; Return value:  Size  Location     Type
  1652 ;;                  1    wreg      void 
  1653 ;; Registers used:
  1654 ;;		wreg
  1655 ;; Tracked objects:
  1656 ;;		On entry : 0/0
  1657 ;;		On exit  : 0/0
  1658 ;;		Unchanged: 0/0
  1659 ;; Data sizes:     COMMON   BANK0   BANK1   BANK3   BANK2
  1660 ;;      Params:         0       0       0       0       0
  1661 ;;      Locals:         1       0       0       0       0
  1662 ;;      Temps:          1       0       0       0       0
  1663 ;;      Totals:         2       0       0       0       0
  1664 ;;Total ram usage:        2 bytes
  1665 ;; Hardware stack levels used:    1
  1666 ;; This function calls:
  1667 ;;		Nothing
  1668 ;; This function is called by:
  1669 ;;		_interrupiones
  1670 ;; This function uses a non-reentrant model
  1671 ;;
  1672                           
  1673                           
  1674                           ;psect for function _ADC_convert
  1675  0214                     _ADC_convert:
  1676                           
  1677                           ;incstack = 0
  1678                           ; Regs used in _ADC_convert: [wreg]
  1679                           ;ADC_convert@dato stored from wreg
  1680  0214  00F1               	movwf	ADC_convert@dato
  1681  0215                     i1l820:
  1682                           
  1683                           ;configuraciones_pic.c: 108:     ADC_valor = dato;
  1684  0215  0871               	movf	ADC_convert@dato,w
  1685  0216  00F0               	movwf	??_ADC_convert
  1686  0217  0870               	movf	??_ADC_convert,w
  1687  0218  00F6               	movwf	_ADC_valor
  1688  0219                     i1l157:
  1689  0219  0008               	return
  1690  021A                     __end_of_ADC_convert:
  1691  007E                     btemp	set	126	;btemp
  1692  007E                     wtemp0	set	126
  1693                           
  1694                           	psect	config
  1695                           
  1696                           ;Config register CONFIG1 @ 0x2007
  1697                           ;	Oscillator Selection bits
  1698                           ;	FOSC = INTRC_NOCLKOUT, INTOSCIO oscillator: I/O function on RA6/OSC2/CLKOUT pin, I/O f
      +                          unction on RA7/OSC1/CLKIN
  1699                           ;	Watchdog Timer Enable bit
  1700                           ;	WDTE = OFF, WDT disabled and can be enabled by SWDTEN bit of the WDTCON register
  1701                           ;	Power-up Timer Enable bit
  1702                           ;	PWRTE = ON, PWRT enabled
  1703                           ;	RE3/MCLR pin function select bit
  1704                           ;	MCLRE = OFF, RE3/MCLR pin function is digital input, MCLR internally tied to VDD
  1705                           ;	Code Protection bit
  1706                           ;	CP = OFF, Program memory code protection is disabled
  1707                           ;	Data Code Protection bit
  1708                           ;	CPD = OFF, Data memory code protection is disabled
  1709                           ;	Brown Out Reset Selection bits
  1710                           ;	BOREN = OFF, BOR disabled
  1711                           ;	Internal External Switchover bit
  1712                           ;	IESO = OFF, Internal/External Switchover mode is disabled
  1713                           ;	Fail-Safe Clock Monitor Enabled bit
  1714                           ;	FCMEN = OFF, Fail-Safe Clock Monitor is disabled
  1715                           ;	Low Voltage Programming Enable bit
  1716                           ;	LVP = ON, RB3/PGM pin has PGM function, low voltage programming enabled
  1717                           ;	In-Circuit Debugger Mode bit
  1718                           ;	DEBUG = 0x1, unprogrammed default
  1719  2007                     	org	8199
  1720  2007  30C4               	dw	12484
  1721                           
  1722                           ;Config register CONFIG2 @ 0x2008
  1723                           ;	Brown-out Reset Selection bit
  1724                           ;	BOR4V = BOR40V, Brown-out Reset set to 4.0V
  1725                           ;	Flash Program Memory Self Write Enable bits
  1726                           ;	WRT = OFF, Write protection off
  1727  2008                     	org	8200
  1728  2008  3FFF               	dw	16383

Data Sizes:
    Strings     0
    Constant    0
    Data        16
    BSS         4
    Persistent  0
    Stack       0

Auto Spaces:
    Space          Size  Autos    Used
    COMMON           14      6      10
    BANK0            80      5      21
    BANK1            80      0       0
    BANK3            96      0       0
    BANK2            96      0       0

Pointer List with Targets:

    None.

Critical Paths under _main in COMMON

    None.

Critical Paths under _interrupiones in COMMON

    _interrupiones->_ADC_convert

Critical Paths under _main in BANK0

    _main->_setup
    _setup->_conf_ADC
    _setup->_conf_osc
    _setup->_conf_tmr0

Critical Paths under _interrupiones in BANK0

    None.

Critical Paths under _main in BANK1

    None.

Critical Paths under _interrupiones in BANK1

    None.

Critical Paths under _main in BANK3

    None.

Critical Paths under _interrupiones in BANK3

    None.

Critical Paths under _main in BANK2

    None.

Critical Paths under _interrupiones in BANK2

    None.

Call Graph Tables:

 ---------------------------------------------------------------------------------
 (Depth) Function   	        Calls       Base Space   Used Autos Params    Refs
 ---------------------------------------------------------------------------------
 (0) _main                                                 1     1      0     155
                                              4 BANK0      1     1      0
                            _nibbles
                              _setup
 ---------------------------------------------------------------------------------
 (1) _setup                                                1     1      0      93
                                              3 BANK0      1     1      0
                           _conf_ADC
                           _conf_osc
                          _conf_tmr0
 ---------------------------------------------------------------------------------
 (2) _conf_tmr0                                            3     3      0      31
                                              0 BANK0      3     3      0
 ---------------------------------------------------------------------------------
 (2) _conf_osc                                             3     3      0      31
                                              0 BANK0      3     3      0
 ---------------------------------------------------------------------------------
 (2) _conf_ADC                                             3     3      0      31
                                              0 BANK0      3     3      0
 ---------------------------------------------------------------------------------
 (1) _nibbles                                              3     3      0      62
                                              0 BANK0      3     3      0
 ---------------------------------------------------------------------------------
 Estimated maximum stack depth 2
 ---------------------------------------------------------------------------------
 (Depth) Function   	        Calls       Base Space   Used Autos Params    Refs
 ---------------------------------------------------------------------------------
 (3) _interrupiones                                        4     4      0      30
                                              2 COMMON     4     4      0
                        _ADC_convert
                            _display
 ---------------------------------------------------------------------------------
 (4) _display                                              1     1      0      15
                                              0 COMMON     1     1      0
 ---------------------------------------------------------------------------------
 (4) _ADC_convert                                          2     2      0      15
                                              0 COMMON     2     2      0
 ---------------------------------------------------------------------------------
 Estimated maximum stack depth 4
 ---------------------------------------------------------------------------------

 Call Graph Graphs:

 _main (ROOT)
   _nibbles
   _setup
     _conf_ADC
     _conf_osc
     _conf_tmr0

 _interrupiones (ROOT)
   _ADC_convert
   _display

 Address spaces:
Name               Size   Autos  Total    Cost      Usage
BANK3               60      0       0       9        0.0%
BITBANK3            60      0       0       8        0.0%
SFR3                 0      0       0       4        0.0%
BITSFR3              0      0       0       4        0.0%
BANK2               60      0       0      11        0.0%
BITBANK2            60      0       0      10        0.0%
SFR2                 0      0       0       5        0.0%
BITSFR2              0      0       0       5        0.0%
BANK1               50      0       0       7        0.0%
BITBANK1            50      0       0       6        0.0%
SFR1                 0      0       0       2        0.0%
BITSFR1              0      0       0       2        0.0%
BANK0               50      5      15       5       26.2%
BITBANK0            50      0       0       4        0.0%
SFR0                 0      0       0       1        0.0%
BITSFR0              0      0       0       1        0.0%
COMMON               E      6       A       1       71.4%
BITCOMMON            E      0       0       0        0.0%
CODE                 0      0       0       0        0.0%
DATA                 0      0      1F      12        0.0%
ABS                  0      0      1F       3        0.0%
NULL                 0      0       0       0        0.0%
STACK                0      0       0       2        0.0%
EEDATA             100      0       0       0        0.0%


Microchip Technology PIC Macro Assembler V2.31 build 20201012212115 
Symbol Table                                                                                   Mon Jul 19 18:21:15 2021

                      pc 0002          conf_ADC@adcFrec 0032    __end_of_interrupiones 012C  
                     l92 01A6                       l99 017F                       fsr 0004  
                    l130 00D5                      l122 00D4                      l151 01D0  
                    l143 007E                      l135 007C                      l160 01E6  
                    l148 01CC                      u150 018C                      u151 018B  
                    u160 01A4                      u145 01DC                      u161 01A3  
                    u177 0190                      u187 016E                      u197 0178  
                    fsr0 0004                      indf 0000             conf_osc@frec 0032  
                   l1310 01B2                     l1312 01B7                     l1400 0196  
                   l1306 01AE                     l1250 0082                     l1330 0135  
                   l1402 019C                     l1500 01C4                     l1308 01AF  
                   l1316 01BC                     l1260 009B                     l1252 0083  
                   l1340 013D                     l1332 0137                     l1324 012C  
                   l1404 01A4                     l1262 00A2                     l1254 0088  
                   l1270 00B5                     l1350 0142                     l1342 013E  
                   l1334 0138                     l1326 0130                     l1264 00A9  
                   l1256 008F                     l1280 002B                     l1360 014B  
                   l1352 0143                     l1344 013F                     l1336 0139  
                   l1328 0131                     l1266 00AE                     l1258 0094  
                   l1290 004A                     l1282 0030                     l1370 015F  
                   l1362 0151                     l1354 0146                     l1346 0140  
                   l1338 013C                     l1292 0051                     l1284 0037  
                   l1380 0174                     l1372 0160                     l1364 0157  
                   l1356 0147                     l1348 0141                     l1294 0056  
                   l1286 003C                     l1278 002A                     l1382 017B  
                   l1374 0166                     l1366 015B                     l1358 0148  
                   l1390 0180                     l1288 0043                     l1384 017C  
                   l1376 016A                     l1368 015E                     l1392 0185  
                   l1386 01D4                     l1298 005D                     l1378 0171  
                   l1394 0188                     l1388 01D9                     l1396 018C  
                   l1398 0193                     l1496 0065                     l1498 00BD  
                   _T0IF 005A                     _RBIF 0058                     i1l83 0119  
                   i1l85 0123                     _TMR0 0001                     u2_20 00DC  
                   u2_21 00DB                     u3_20 00E5                     u3_21 00E4  
                   u4_20 00F2                     u4_21 00F1                     u5_20 00F6  
                   u5_21 00F5                     u6_20 00FE                     u6_21 00FD  
                   u7_20 0105                     u7_21 0104                     u8_20 010F  
                   u8_21 010E              display@dato 0070                     _main 0180  
                   btemp 007E                     start 000E     __size_of_ADC_convert 0006  
                  ?_main 0070                    _ANSEL 0188                    i1l154 0213  
                  i1l157 0219                    i1l820 0215                    i1l900 00F2  
                  i1l822 020B                    i1l902 00F6                    i1l910 0101  
                  i1l920 0111                    i1l912 0105                    i1l904 00FA  
                  i1l922 0117                    i1l914 0108                    i1l906 00FE  
                  i1l924 011B                    i1l916 010A                    i1l908 0100  
                  i1l926 0121                    i1l918 010F                    i1l890 00D6  
                  i1l892 00DC                    i1l894 00E5                    i1l896 00EB  
                  i1l898 00EE                    _PORTA 0005                    _PORTB 0006  
                  _PORTC 0007                    _PORTD 0008                    _TRISA 0085  
                  _TRISB 0086                    _TRISC 0087                    _TRISD 0088  
        __end_of_display 0214                    _flags 0079          __end_of_nibbles 01E7  
                  _tabla 0020                    _setup 012C                    pclath 000A  
                  status 0003                    wtemp0 007E          __initialization 0011  
           __end_of_main 01AB                   ??_main 0034                   _ADRESH 001E  
                 ?_setup 0070                   _ANSELH 0189              nibbles@dato 0032  
       __end_of_conf_ADC 01D1         __end_of_conf_osc 00D6                ??_display 0070  
              ??_nibbles 0030                   saved_w 007E          ADC_convert@dato 0071  
          _upper_nibbles 0077  __end_of__initialization 0023           __pcstackCOMMON 0070  
           __pidataBANK0 01FA            __end_of_setup 0180           _OPTION_REGbits 0081  
     __size_of_conf_tmr0 0058                  ??_setup 0033               __pmaintext 0180  
             __pintentry 0004                ?_conf_ADC 0070                ?_conf_osc 0070  
 __size_of_interrupiones 0056            ??_ADC_convert 0070                _ADC_valor 0076  
      __end_of_conf_tmr0 007F                  __ptext1 012C                  __ptext2 0027  
                __ptext3 007F                  __ptext4 01AB                  __ptext5 01D1  
                __ptext6 00D6                  __ptext7 020A                  __ptext8 0214  
                _display 020A                  _nibbles 01D1               ??_conf_ADC 0030  
             ??_conf_osc 0030     end_of_initialization 0023            _interrupiones 00D6  
    __end_of_ADC_convert 021A                _PORTAbits 0005                _PORTBbits 0006  
              _PORTCbits 0007           ?_interrupiones 0070      start_initialization 0011  
           _down_nibbles 0078              _ADC_convert 0214               init_fetch0 01E7  
            __pdataBANK0 0020              __pbssCOMMON 0076                ___latbits 0002  
          __pcstackBANK0 0030        __size_of_conf_ADC 0026        __size_of_conf_osc 0057  
        ??_interrupiones 0072                _conf_tmr0 0027                 ?_display 0070  
               ?_nibbles 0070           __size_of_setup 0054        interrupt_function 0004  
               _IOCBbits 0096                 _PIE1bits 008C                 _PIR1bits 000C  
             ?_conf_tmr0 0070               _ADCON0bits 001F               _ADCON1bits 009F  
       __size_of_display 000A         __size_of_nibbles 0016                 _conf_ADC 01AB  
               _conf_osc 007F            __size_of_main 002B             ?_ADC_convert 0070  
            ??_conf_tmr0 0030               _INTCONbits 000B                 init_ram0 01EB  
     conf_tmr0@prescaler 0032                 intlevel1 0000               _OSCCONbits 008F  
